Copyright 1986-2017 Xilinx, Inc. All Rights Reserved.
--------------------------------------------------------------------------------------
| Tool Version : Vivado v.2017.3 (win64) Build 2018833 Wed Oct  4 19:58:22 MDT 2017
| Date         : Mon Sep  2 14:44:19 2019
| Host         : DESKTOP-JNP2NQV running 64-bit major release  (build 9200)
| Command      : report_control_sets -file microblaze_wrapper_control_sets_placed.rpt
| Design       : microblaze_wrapper
| Device       : xc7a35t
--------------------------------------------------------------------------------------

Control Set Information

Table of Contents
-----------------
1. Summary
2. Flip-Flop Distribution

1. Summary
----------

+-------------------------------+-------+
|             Status            | Count |
+-------------------------------+-------+
| Number of unique control sets |   166 |
+-------------------------------+-------+


2. Flip-Flop Distribution
-------------------------

+--------------+-----------------------+------------------------+-----------------+--------------+
| Clock Enable | Synchronous Set/Reset | Asynchronous Set/Reset | Total Registers | Total Slices |
+--------------+-----------------------+------------------------+-----------------+--------------+
| No           | No                    | No                     |             292 |          116 |
| No           | No                    | Yes                    |              30 |           12 |
| No           | Yes                   | No                     |             470 |          211 |
| Yes          | No                    | No                     |            1521 |          652 |
| Yes          | No                    | Yes                    |              15 |            8 |
| Yes          | Yes                   | No                     |            1071 |          319 |
+--------------+-----------------------+------------------------+-----------------+--------------+


