Copyright 1986-2017 Xilinx, Inc. All Rights Reserved.
---------------------------------------------------------------------------------------------------------------------------------------------------------------
| Tool Version : Vivado v.2017.3 (win64) Build 2018833 Wed Oct  4 19:58:22 MDT 2017
| Date         : Tue Aug  6 15:38:36 2019
| Host         : DESKTOP-JNP2NQV running 64-bit major release  (build 9200)
| Command      : report_timing_summary -file microblaze_wrapper_timing_summary_routed.rpt -warn_on_violation -rpx microblaze_wrapper_timing_summary_routed.rpx
| Design       : microblaze_wrapper
| Device       : 7a35t-cpg236
| Speed File   : -1  PRODUCTION 1.19 2017-08-11
---------------------------------------------------------------------------------------------------------------------------------------------------------------

Timing Summary Report

------------------------------------------------------------------------------------------------
| Timer Settings
| --------------
------------------------------------------------------------------------------------------------

  Enable Multi Corner Analysis               :  Yes
  Enable Pessimism Removal                   :  Yes
  Pessimism Removal Resolution               :  Nearest Common Node
  Enable Input Delay Default Clock           :  No
  Enable Preset / Clear Arcs                 :  No
  Disable Flight Delays                      :  No
  Ignore I/O Paths                           :  No
  Timing Early Launch at Borrowing Latches   :  false

  Corner  Analyze    Analyze    
  Name    Max Paths  Min Paths  
  ------  ---------  ---------  
  Slow    Yes        Yes        
  Fast    Yes        Yes        



check_timing report

Table of Contents
-----------------
1. checking no_clock
2. checking constant_clock
3. checking pulse_width_clock
4. checking unconstrained_internal_endpoints
5. checking no_input_delay
6. checking no_output_delay
7. checking multiple_clock
8. checking generated_clocks
9. checking loops
10. checking partial_input_delay
11. checking partial_output_delay
12. checking latch_loops

1. checking no_clock
--------------------
 There are 0 register/latch pins with no clock.


2. checking constant_clock
--------------------------
 There are 0 register/latch pins with constant_clock.


3. checking pulse_width_clock
-----------------------------
 There are 0 register/latch pins which need pulse_width check


4. checking unconstrained_internal_endpoints
--------------------------------------------
 There are 0 pins that are not constrained for maximum delay.

 There are 0 pins that are not constrained for maximum delay due to constant clock.


5. checking no_input_delay
--------------------------
 There are 2 input ports with no input delay specified. (HIGH)

 There are 0 input ports with no input delay but user has a false path constraint.


6. checking no_output_delay
---------------------------
 There are 15 ports with no output delay specified. (HIGH)

 There are 0 ports with no output delay but user has a false path constraint

 There are 0 ports with no output delay but with a timing clock defined on it or propagating through it


7. checking multiple_clock
--------------------------
 There are 0 register/latch pins with multiple clocks.


8. checking generated_clocks
----------------------------
 There are 0 generated clocks that are not connected to a clock source.


9. checking loops
-----------------
 There are 0 combinational loops in the design.


10. checking partial_input_delay
--------------------------------
 There are 0 input ports with partial input delay specified.


11. checking partial_output_delay
---------------------------------
 There are 0 ports with partial output delay specified.


12. checking latch_loops
------------------------
 There are 0 combinational latch loops in the design through latch input



------------------------------------------------------------------------------------------------
| Design Timing Summary
| ---------------------
------------------------------------------------------------------------------------------------

    WNS(ns)      TNS(ns)  TNS Failing Endpoints  TNS Total Endpoints      WHS(ns)      THS(ns)  THS Failing Endpoints  THS Total Endpoints     WPWS(ns)     TPWS(ns)  TPWS Failing Endpoints  TPWS Total Endpoints  
    -------      -------  ---------------------  -------------------      -------      -------  ---------------------  -------------------     --------     --------  ----------------------  --------------------  
      0.162        0.000                      0                 8750        0.042        0.000                      0                 8750        3.000        0.000                       0                  3579  


All user specified timing constraints are met.


------------------------------------------------------------------------------------------------
| Clock Summary
| -------------
------------------------------------------------------------------------------------------------

Clock                                                         Waveform(ns)       Period(ns)      Frequency(MHz)
-----                                                         ------------       ----------      --------------
clk_100MHz                                                    {0.000 5.000}      10.000          100.000         
  clk_out1_microblaze_clk_wiz_1_0                             {0.000 5.000}      10.000          100.000         
  clkfbout_microblaze_clk_wiz_1_0                             {0.000 5.000}      10.000          100.000         
  pclk_microblaze_clk_wiz_1_0                                 {0.000 6.667}      13.333          75.000          
microblaze_i/mdm_1/U0/Use_E2.BSCAN_I/Use_E2.BSCANE2_I/DRCK    {0.000 16.666}     33.333          30.000          
microblaze_i/mdm_1/U0/Use_E2.BSCAN_I/Use_E2.BSCANE2_I/UPDATE  {0.000 16.666}     33.333          30.000          


------------------------------------------------------------------------------------------------
| Intra Clock Table
| -----------------
------------------------------------------------------------------------------------------------

Clock                                                             WNS(ns)      TNS(ns)  TNS Failing Endpoints  TNS Total Endpoints      WHS(ns)      THS(ns)  THS Failing Endpoints  THS Total Endpoints     WPWS(ns)     TPWS(ns)  TPWS Failing Endpoints  TPWS Total Endpoints  
-----                                                             -------      -------  ---------------------  -------------------      -------      -------  ---------------------  -------------------     --------     --------  ----------------------  --------------------  
clk_100MHz                                                                                                                                                                                                      3.000        0.000                       0                     1  
  clk_out1_microblaze_clk_wiz_1_0                                   1.841        0.000                      0                 7702        0.042        0.000                      0                 7702        3.750        0.000                       0                  2895  
  clkfbout_microblaze_clk_wiz_1_0                                                                                                                                                                               7.845        0.000                       0                     3  
  pclk_microblaze_clk_wiz_1_0                                       5.476        0.000                      0                  488        0.073        0.000                      0                  488        6.167        0.000                       0                   388  
microblaze_i/mdm_1/U0/Use_E2.BSCAN_I/Use_E2.BSCANE2_I/DRCK         13.315        0.000                      0                  244        0.047        0.000                      0                  244       15.686        0.000                       0                   251  
microblaze_i/mdm_1/U0/Use_E2.BSCAN_I/Use_E2.BSCANE2_I/UPDATE       11.043        0.000                      0                   48        0.369        0.000                      0                   48       16.166        0.000                       0                    41  


------------------------------------------------------------------------------------------------
| Inter Clock Table
| -----------------
------------------------------------------------------------------------------------------------

From Clock                       To Clock                             WNS(ns)      TNS(ns)  TNS Failing Endpoints  TNS Total Endpoints      WHS(ns)      THS(ns)  THS Failing Endpoints  THS Total Endpoints  
----------                       --------                             -------      -------  ---------------------  -------------------      -------      -------  ---------------------  -------------------  
clk_out1_microblaze_clk_wiz_1_0  pclk_microblaze_clk_wiz_1_0            0.162        0.000                      0                  305        0.117        0.000                      0                  305  


------------------------------------------------------------------------------------------------
| Other Path Groups Table
| -----------------------
------------------------------------------------------------------------------------------------

Path Group                                                    From Clock                                                    To Clock                                                          WNS(ns)      TNS(ns)  TNS Failing Endpoints  TNS Total Endpoints      WHS(ns)      THS(ns)  THS Failing Endpoints  THS Total Endpoints  
----------                                                    ----------                                                    --------                                                          -------      -------  ---------------------  -------------------      -------      -------  ---------------------  -------------------  
**async_default**                                             microblaze_i/mdm_1/U0/Use_E2.BSCAN_I/Use_E2.BSCANE2_I/UPDATE  microblaze_i/mdm_1/U0/Use_E2.BSCAN_I/Use_E2.BSCANE2_I/UPDATE       14.176        0.000                      0                    1       17.461        0.000                      0                    1  


------------------------------------------------------------------------------------------------
| Timing Details
| --------------
------------------------------------------------------------------------------------------------


---------------------------------------------------------------------------------------------------
From Clock:  clk_100MHz
  To Clock:  clk_100MHz

Setup :           NA  Failing Endpoints,  Worst Slack           NA  ,  Total Violation           NA
Hold  :           NA  Failing Endpoints,  Worst Slack           NA  ,  Total Violation           NA
PW    :            0  Failing Endpoints,  Worst Slack        3.000ns,  Total Violation        0.000ns
---------------------------------------------------------------------------------------------------


Pulse Width Checks
--------------------------------------------------------------------------------------
Clock Name:         clk_100MHz
Waveform(ns):       { 0.000 5.000 }
Period(ns):         10.000
Sources:            { clk_100MHz }

Check Type        Corner  Lib Pin            Reference Pin  Required(ns)  Actual(ns)  Slack(ns)  Location         Pin
Min Period        n/a     MMCME2_ADV/CLKIN1  n/a            1.249         10.000      8.751      MMCME2_ADV_X1Y0  microblaze_i/clk_wiz_1/inst/mmcm_adv_inst/CLKIN1
Max Period        n/a     MMCME2_ADV/CLKIN1  n/a            100.000       10.000      90.000     MMCME2_ADV_X1Y0  microblaze_i/clk_wiz_1/inst/mmcm_adv_inst/CLKIN1
Low Pulse Width   Fast    MMCME2_ADV/CLKIN1  n/a            2.000         5.000       3.000      MMCME2_ADV_X1Y0  microblaze_i/clk_wiz_1/inst/mmcm_adv_inst/CLKIN1
High Pulse Width  Slow    MMCME2_ADV/CLKIN1  n/a            2.000         5.000       3.000      MMCME2_ADV_X1Y0  microblaze_i/clk_wiz_1/inst/mmcm_adv_inst/CLKIN1



---------------------------------------------------------------------------------------------------
From Clock:  clk_out1_microblaze_clk_wiz_1_0
  To Clock:  clk_out1_microblaze_clk_wiz_1_0

Setup :            0  Failing Endpoints,  Worst Slack        1.841ns,  Total Violation        0.000ns
Hold  :            0  Failing Endpoints,  Worst Slack        0.042ns,  Total Violation        0.000ns
PW    :            0  Failing Endpoints,  Worst Slack        3.750ns,  Total Violation        0.000ns
---------------------------------------------------------------------------------------------------


Max Delay Paths
--------------------------------------------------------------------------------------
Slack (MET) :             1.841ns  (required time - arrival time)
  Source:                 microblaze_i/microblaze_0/U0/MicroBlaze_Core_I/Performance.Core/Using_DCache.Using_WriteThrough.DCache_I1/TAG_RAM_Module/Not_Using_XPM.Using_B36_S36.The_BRAMs[0].RAMB36_I1/Using_FPGA.Native/CLKARDCLK
                            (rising edge-triggered cell RAMB36E1 clocked by clk_out1_microblaze_clk_wiz_1_0  {rise@0.000ns fall@5.000ns period=10.000ns})
  Destination:            microblaze_i/microblaze_0_local_memory/lmb_bram/U0/inst_blk_mem_gen/gnbram.gnative_mem_map_bmg.native_mem_map_blk_mem_gen/valid.cstr/ramloop[0].ram.r/prim_noinit.ram/DEVICE_7SERIES.WITH_BMM_INFO.TRUE_DP.SIMPLE_PRIM36.TDP_SP36_NO_ECC_ATTR.ram/ENARDEN
                            (rising edge-triggered cell RAMB36E1 clocked by clk_out1_microblaze_clk_wiz_1_0  {rise@0.000ns fall@5.000ns period=10.000ns})
  Path Group:             clk_out1_microblaze_clk_wiz_1_0
  Path Type:              Setup (Max at Slow Process Corner)
  Requirement:            10.000ns  (clk_out1_microblaze_clk_wiz_1_0 rise@10.000ns - clk_out1_microblaze_clk_wiz_1_0 rise@0.000ns)
  Data Path Delay:        7.519ns  (logic 3.891ns (51.752%)  route 3.628ns (48.248%))
  Logic Levels:           7  (AND2B1L=1 CARRY4=4 LUT2=1 LUT6=1)
  Clock Path Skew:        -0.124ns (DCD - SCD + CPR)
    Destination Clock Delay (DCD):    -1.514ns = ( 8.486 - 10.000 ) 
    Source Clock Delay      (SCD):    -0.907ns
    Clock Pessimism Removal (CPR):    0.484ns
  Clock Uncertainty:      0.074ns  ((TSJ^2 + DJ^2)^1/2) / 2 + PE
    Total System Jitter     (TSJ):    0.071ns
    Discrete Jitter          (DJ):    0.130ns
    Phase Error              (PE):    0.000ns

    Location             Delay type                Incr(ns)  Path(ns)    Netlist Resource(s)
  -------------------------------------------------------------------    -------------------
                         (clock clk_out1_microblaze_clk_wiz_1_0 rise edge)
                                                      0.000     0.000 r  
    W5                                                0.000     0.000 r  clk_100MHz (IN)
                         net (fo=0)                   0.000     0.000    microblaze_i/clk_wiz_1/inst/clk_in1
    W5                   IBUF (Prop_ibuf_I_O)         1.458     1.458 r  microblaze_i/clk_wiz_1/inst/clkin1_ibufg/O
                         net (fo=1, routed)           1.233     2.691    microblaze_i/clk_wiz_1/inst/clk_in1_microblaze_clk_wiz_1_0
    MMCME2_ADV_X1Y0      MMCME2_ADV (Prop_mmcme2_adv_CLKIN1_CLKOUT0)
                                                     -6.961    -4.269 r  microblaze_i/clk_wiz_1/inst/mmcm_adv_inst/CLKOUT0
                         net (fo=1, routed)           1.661    -2.608    microblaze_i/clk_wiz_1/inst/clk_out1_microblaze_clk_wiz_1_0
    BUFGCTRL_X0Y0        BUFG (Prop_bufg_I_O)         0.096    -2.512 r  microblaze_i/clk_wiz_1/inst/clkout1_buf/O
                         net (fo=2893, routed)        1.605    -0.907    microblaze_i/microblaze_0/U0/MicroBlaze_Core_I/Performance.Core/Using_DCache.Using_WriteThrough.DCache_I1/TAG_RAM_Module/Not_Using_XPM.Using_B36_S36.The_BRAMs[0].RAMB36_I1/Clk
    RAMB36_X1Y6          RAMB36E1                                     r  microblaze_i/microblaze_0/U0/MicroBlaze_Core_I/Performance.Core/Using_DCache.Using_WriteThrough.DCache_I1/TAG_RAM_Module/Not_Using_XPM.Using_B36_S36.The_BRAMs[0].RAMB36_I1/Using_FPGA.Native/CLKARDCLK
  -------------------------------------------------------------------    -------------------
    RAMB36_X1Y6          RAMB36E1 (Prop_ramb36e1_CLKARDCLK_DOADO[29])
                                                      2.454     1.547 r  microblaze_i/microblaze_0/U0/MicroBlaze_Core_I/Performance.Core/Using_DCache.Using_WriteThrough.DCache_I1/TAG_RAM_Module/Not_Using_XPM.Using_B36_S36.The_BRAMs[0].RAMB36_I1/Using_FPGA.Native/DOADO[29]
                         net (fo=2, routed)           1.445     2.992    microblaze_i/microblaze_0/U0/MicroBlaze_Core_I/Performance.Core/Using_DCache.Using_WriteThrough.DCache_I1/TAG_RAM_Module/Not_Using_XPM.Using_B36_S36.The_BRAMs[0].RAMB36_I1/Valid_Data_Bits[2]
    SLICE_X36Y33         LUT6 (Prop_lut6_I1_O)        0.124     3.116 r  microblaze_i/microblaze_0/U0/MicroBlaze_Core_I/Performance.Core/Using_DCache.Using_WriteThrough.DCache_I1/TAG_RAM_Module/Not_Using_XPM.Using_B36_S36.The_BRAMs[0].RAMB36_I1/Using_FPGA.Native_i_1__176/O
                         net (fo=1, routed)           0.000     3.116    microblaze_i/microblaze_0/U0/MicroBlaze_Core_I/Performance.Core/Using_DCache.Using_WriteThrough.DCache_I1/mem_tag_hit_comparator/Comp_Carry_Chain[0].MUXCY_I/lopt_6
    SLICE_X36Y33         CARRY4 (Prop_carry4_S[2]_CO[3])
                                                      0.398     3.514 r  microblaze_i/microblaze_0/U0/MicroBlaze_Core_I/Performance.Core/Using_DCache.Using_WriteThrough.DCache_I1/mem_tag_hit_comparator/Comp_Carry_Chain[0].MUXCY_I/Using_FPGA.Native_CARRY4/CO[3]
                         net (fo=1, routed)           0.000     3.514    microblaze_i/microblaze_0/U0/MicroBlaze_Core_I/Performance.Core/Using_DCache.Using_WriteThrough.DCache_I1/mem_read_cache_hit_carry_or/MUXCY_I/mem_read_cache_hit_direct
    SLICE_X36Y34         CARRY4 (Prop_carry4_CI_CO[3])
                                                      0.114     3.628 r  microblaze_i/microblaze_0/U0/MicroBlaze_Core_I/Performance.Core/Using_DCache.Using_WriteThrough.DCache_I1/mem_read_cache_hit_carry_or/MUXCY_I/Using_FPGA.Native_CARRY4/CO[3]
                         net (fo=33, routed)          0.000     3.628    microblaze_i/microblaze_0/U0/MicroBlaze_Core_I/Performance.Core/mem_databus_ready_sel_carry_or/MUXCY_I/mem_dcache_data_strobe
    SLICE_X36Y35         CARRY4 (Prop_carry4_CI_CO[3])
                                                      0.114     3.742 r  microblaze_i/microblaze_0/U0/MicroBlaze_Core_I/Performance.Core/mem_databus_ready_sel_carry_or/MUXCY_I/Using_FPGA.Native_CARRY4/CO[3]
                         net (fo=1, routed)           0.000     3.742    microblaze_i/microblaze_0/U0/MicroBlaze_Core_I/Performance.Core/Decode_I/Use_MuxCy[2].OF_Piperun_Stage/MUXCY_I/of_PipeRun_carry_10
    SLICE_X36Y36         CARRY4 (Prop_carry4_CI_CO[1])
                                                      0.178     3.920 r  microblaze_i/microblaze_0/U0/MicroBlaze_Core_I/Performance.Core/Decode_I/Use_MuxCy[2].OF_Piperun_Stage/MUXCY_I/Using_FPGA.Native_CARRY4/CO[1]
                         net (fo=162, routed)         0.000     3.920    microblaze_i/microblaze_0/U0/MicroBlaze_Core_I/Performance.Core/Use_DLMB.Using_Latch_AS_Logic.AND2B1L_I1/ex_branch_with_delayslot_reg
    SLICE_X36Y36         AND2B1L (Prop_and2b1l_DI_O)
                                                      0.385     4.305 r  microblaze_i/microblaze_0/U0/MicroBlaze_Core_I/Performance.Core/Use_DLMB.Using_Latch_AS_Logic.AND2B1L_I1/Using_FPGA.Native/O
                         net (fo=2, routed)           0.609     4.914    microblaze_i/microblaze_0_local_memory/lmb_bram/U0/inst_blk_mem_gen/gnbram.gnative_mem_map_bmg.native_mem_map_blk_mem_gen/valid.cstr/ramloop[3].ram.r/prim_noinit.ram/ena
    SLICE_X33Y38         LUT2 (Prop_lut2_I1_O)        0.124     5.038 r  microblaze_i/microblaze_0_local_memory/lmb_bram/U0/inst_blk_mem_gen/gnbram.gnative_mem_map_bmg.native_mem_map_blk_mem_gen/valid.cstr/ramloop[3].ram.r/prim_noinit.ram/DEVICE_7SERIES.WITH_BMM_INFO.TRUE_DP.SIMPLE_PRIM36.TDP_SP36_NO_ECC_ATTR.ram_i_1/O
                         net (fo=4, routed)           1.573     6.612    microblaze_i/microblaze_0_local_memory/lmb_bram/U0/inst_blk_mem_gen/gnbram.gnative_mem_map_bmg.native_mem_map_blk_mem_gen/valid.cstr/ramloop[0].ram.r/prim_noinit.ram/ENA_I
    RAMB36_X0Y11         RAMB36E1                                     r  microblaze_i/microblaze_0_local_memory/lmb_bram/U0/inst_blk_mem_gen/gnbram.gnative_mem_map_bmg.native_mem_map_blk_mem_gen/valid.cstr/ramloop[0].ram.r/prim_noinit.ram/DEVICE_7SERIES.WITH_BMM_INFO.TRUE_DP.SIMPLE_PRIM36.TDP_SP36_NO_ECC_ATTR.ram/ENARDEN
  -------------------------------------------------------------------    -------------------

                         (clock clk_out1_microblaze_clk_wiz_1_0 rise edge)
                                                     10.000    10.000 r  
    W5                                                0.000    10.000 r  clk_100MHz (IN)
                         net (fo=0)                   0.000    10.000    microblaze_i/clk_wiz_1/inst/clk_in1
    W5                   IBUF (Prop_ibuf_I_O)         1.388    11.388 r  microblaze_i/clk_wiz_1/inst/clkin1_ibufg/O
                         net (fo=1, routed)           1.162    12.550    microblaze_i/clk_wiz_1/inst/clk_in1_microblaze_clk_wiz_1_0
    MMCME2_ADV_X1Y0      MMCME2_ADV (Prop_mmcme2_adv_CLKIN1_CLKOUT0)
                                                     -7.217     5.332 r  microblaze_i/clk_wiz_1/inst/mmcm_adv_inst/CLKOUT0
                         net (fo=1, routed)           1.581     6.914    microblaze_i/clk_wiz_1/inst/clk_out1_microblaze_clk_wiz_1_0
    BUFGCTRL_X0Y0        BUFG (Prop_bufg_I_O)         0.091     7.005 r  microblaze_i/clk_wiz_1/inst/clkout1_buf/O
                         net (fo=2893, routed)        1.481     8.486    microblaze_i/microblaze_0_local_memory/lmb_bram/U0/inst_blk_mem_gen/gnbram.gnative_mem_map_bmg.native_mem_map_blk_mem_gen/valid.cstr/ramloop[0].ram.r/prim_noinit.ram/clka
    RAMB36_X0Y11         RAMB36E1                                     r  microblaze_i/microblaze_0_local_memory/lmb_bram/U0/inst_blk_mem_gen/gnbram.gnative_mem_map_bmg.native_mem_map_blk_mem_gen/valid.cstr/ramloop[0].ram.r/prim_noinit.ram/DEVICE_7SERIES.WITH_BMM_INFO.TRUE_DP.SIMPLE_PRIM36.TDP_SP36_NO_ECC_ATTR.ram/CLKARDCLK
                         clock pessimism              0.484     8.969    
                         clock uncertainty           -0.074     8.895    
    RAMB36_X0Y11         RAMB36E1 (Setup_ramb36e1_CLKARDCLK_ENARDEN)
                                                     -0.443     8.452    microblaze_i/microblaze_0_local_memory/lmb_bram/U0/inst_blk_mem_gen/gnbram.gnative_mem_map_bmg.native_mem_map_blk_mem_gen/valid.cstr/ramloop[0].ram.r/prim_noinit.ram/DEVICE_7SERIES.WITH_BMM_INFO.TRUE_DP.SIMPLE_PRIM36.TDP_SP36_NO_ECC_ATTR.ram
  -------------------------------------------------------------------
                         required time                          8.452    
                         arrival time                          -6.612    
  -------------------------------------------------------------------
                         slack                                  1.841    





Min Delay Paths
--------------------------------------------------------------------------------------
Slack (MET) :             0.042ns  (arrival time - required time)
  Source:                 microblaze_i/microblaze_0_axi_periph/s02_couplers/auto_pc/inst/gen_axilite.gen_b2s_conv.axilite_b2s/SI_REG/gen_simple_ar.ar_pipe/m_payload_i_reg[21]/C
                            (rising edge-triggered cell FDRE clocked by clk_out1_microblaze_clk_wiz_1_0  {rise@0.000ns fall@5.000ns period=10.000ns})
  Destination:            microblaze_i/microblaze_0_axi_periph/xbar/inst/gen_sasd.crossbar_sasd_0/addr_arbiter_inst/gen_arbiter.m_amesg_i_reg[22]/D
                            (rising edge-triggered cell FDRE clocked by clk_out1_microblaze_clk_wiz_1_0  {rise@0.000ns fall@5.000ns period=10.000ns})
  Path Group:             clk_out1_microblaze_clk_wiz_1_0
  Path Type:              Hold (Min at Fast Process Corner)
  Requirement:            0.000ns  (clk_out1_microblaze_clk_wiz_1_0 rise@0.000ns - clk_out1_microblaze_clk_wiz_1_0 rise@0.000ns)
  Data Path Delay:        0.397ns  (logic 0.227ns (57.113%)  route 0.170ns (42.887%))
  Logic Levels:           1  (LUT5=1)
  Clock Path Skew:        0.264ns (DCD - SCD - CPR)
    Destination Clock Delay (DCD):    -0.860ns
    Source Clock Delay      (SCD):    -0.620ns
    Clock Pessimism Removal (CPR):    -0.503ns

    Location             Delay type                Incr(ns)  Path(ns)    Netlist Resource(s)
  -------------------------------------------------------------------    -------------------
                         (clock clk_out1_microblaze_clk_wiz_1_0 rise edge)
                                                      0.000     0.000 r  
    W5                                                0.000     0.000 r  clk_100MHz (IN)
                         net (fo=0)                   0.000     0.000    microblaze_i/clk_wiz_1/inst/clk_in1
    W5                   IBUF (Prop_ibuf_I_O)         0.226     0.226 r  microblaze_i/clk_wiz_1/inst/clkin1_ibufg/O
                         net (fo=1, routed)           0.440     0.667    microblaze_i/clk_wiz_1/inst/clk_in1_microblaze_clk_wiz_1_0
    MMCME2_ADV_X1Y0      MMCME2_ADV (Prop_mmcme2_adv_CLKIN1_CLKOUT0)
                                                     -2.360    -1.693 r  microblaze_i/clk_wiz_1/inst/mmcm_adv_inst/CLKOUT0
                         net (fo=1, routed)           0.486    -1.207    microblaze_i/clk_wiz_1/inst/clk_out1_microblaze_clk_wiz_1_0
    BUFGCTRL_X0Y0        BUFG (Prop_bufg_I_O)         0.026    -1.181 r  microblaze_i/clk_wiz_1/inst/clkout1_buf/O
                         net (fo=2893, routed)        0.561    -0.620    microblaze_i/microblaze_0_axi_periph/s02_couplers/auto_pc/inst/gen_axilite.gen_b2s_conv.axilite_b2s/SI_REG/gen_simple_ar.ar_pipe/aclk
    SLICE_X36Y56         FDRE                                         r  microblaze_i/microblaze_0_axi_periph/s02_couplers/auto_pc/inst/gen_axilite.gen_b2s_conv.axilite_b2s/SI_REG/gen_simple_ar.ar_pipe/m_payload_i_reg[21]/C
  -------------------------------------------------------------------    -------------------
    SLICE_X36Y56         FDRE (Prop_fdre_C_Q)         0.128    -0.492 r  microblaze_i/microblaze_0_axi_periph/s02_couplers/auto_pc/inst/gen_axilite.gen_b2s_conv.axilite_b2s/SI_REG/gen_simple_ar.ar_pipe/m_payload_i_reg[21]/Q
                         net (fo=1, routed)           0.170    -0.322    microblaze_i/microblaze_0_axi_periph/xbar/inst/gen_sasd.crossbar_sasd_0/addr_arbiter_inst/s_axi_araddr[85]
    SLICE_X33Y56         LUT5 (Prop_lut5_I2_O)        0.099    -0.223 r  microblaze_i/microblaze_0_axi_periph/xbar/inst/gen_sasd.crossbar_sasd_0/addr_arbiter_inst/gen_arbiter.m_amesg_i[22]_i_1/O
                         net (fo=1, routed)           0.000    -0.223    microblaze_i/microblaze_0_axi_periph/xbar/inst/gen_sasd.crossbar_sasd_0/addr_arbiter_inst/amesg_mux[22]
    SLICE_X33Y56         FDRE                                         r  microblaze_i/microblaze_0_axi_periph/xbar/inst/gen_sasd.crossbar_sasd_0/addr_arbiter_inst/gen_arbiter.m_amesg_i_reg[22]/D
  -------------------------------------------------------------------    -------------------

                         (clock clk_out1_microblaze_clk_wiz_1_0 rise edge)
                                                      0.000     0.000 r  
    W5                                                0.000     0.000 r  clk_100MHz (IN)
                         net (fo=0)                   0.000     0.000    microblaze_i/clk_wiz_1/inst/clk_in1
    W5                   IBUF (Prop_ibuf_I_O)         0.414     0.414 r  microblaze_i/clk_wiz_1/inst/clkin1_ibufg/O
                         net (fo=1, routed)           0.480     0.894    microblaze_i/clk_wiz_1/inst/clk_in1_microblaze_clk_wiz_1_0
    MMCME2_ADV_X1Y0      MMCME2_ADV (Prop_mmcme2_adv_CLKIN1_CLKOUT0)
                                                     -3.142    -2.248 r  microblaze_i/clk_wiz_1/inst/mmcm_adv_inst/CLKOUT0
                         net (fo=1, routed)           0.530    -1.718    microblaze_i/clk_wiz_1/inst/clk_out1_microblaze_clk_wiz_1_0
    BUFGCTRL_X0Y0        BUFG (Prop_bufg_I_O)         0.029    -1.689 r  microblaze_i/clk_wiz_1/inst/clkout1_buf/O
                         net (fo=2893, routed)        0.829    -0.860    microblaze_i/microblaze_0_axi_periph/xbar/inst/gen_sasd.crossbar_sasd_0/addr_arbiter_inst/aclk
    SLICE_X33Y56         FDRE                                         r  microblaze_i/microblaze_0_axi_periph/xbar/inst/gen_sasd.crossbar_sasd_0/addr_arbiter_inst/gen_arbiter.m_amesg_i_reg[22]/C
                         clock pessimism              0.503    -0.356    
    SLICE_X33Y56         FDRE (Hold_fdre_C_D)         0.092    -0.264    microblaze_i/microblaze_0_axi_periph/xbar/inst/gen_sasd.crossbar_sasd_0/addr_arbiter_inst/gen_arbiter.m_amesg_i_reg[22]
  -------------------------------------------------------------------
                         required time                          0.264    
                         arrival time                          -0.223    
  -------------------------------------------------------------------
                         slack                                  0.042    





Pulse Width Checks
--------------------------------------------------------------------------------------
Clock Name:         clk_out1_microblaze_clk_wiz_1_0
Waveform(ns):       { 0.000 5.000 }
Period(ns):         10.000
Sources:            { microblaze_i/clk_wiz_1/inst/mmcm_adv_inst/CLKOUT0 }

Check Type        Corner  Lib Pin             Reference Pin  Required(ns)  Actual(ns)  Slack(ns)  Location         Pin
Min Period        n/a     RAMB36E1/CLKARDCLK  n/a            2.944         10.000      7.056      RAMB36_X0Y7      microblaze_i/microblaze_0/U0/MicroBlaze_Core_I/Performance.Core/Using_DCache.Using_WriteThrough.DCache_I1/DATA_RAM_Module/Not_Using_XPM.Using_B36_S9.The_BRAMs[2].RAMB36_I1/Using_FPGA.Native/CLKARDCLK
Max Period        n/a     MMCME2_ADV/CLKOUT0  n/a            213.360       10.000      203.360    MMCME2_ADV_X1Y0  microblaze_i/clk_wiz_1/inst/mmcm_adv_inst/CLKOUT0
Low Pulse Width   Fast    RAMD32/CLK          n/a            1.250         5.000       3.750      SLICE_X38Y50     microblaze_i/microblaze_0/U0/MicroBlaze_Core_I/Performance.Core/Data_Flow_I/Register_File_I/Using_LUT6.All_RAM32M[2].ram32m_i/Using_FPGA.Native/RAMA/CLK
High Pulse Width  Fast    RAMD32/CLK          n/a            1.250         5.000       3.750      SLICE_X38Y39     microblaze_i/microblaze_0/U0/MicroBlaze_Core_I/Performance.Core/Data_Flow_I/Register_File_I/Using_LUT6.All_RAM32M[15].ram32m_i/Using_FPGA.Native/RAMB/CLK



---------------------------------------------------------------------------------------------------
From Clock:  clkfbout_microblaze_clk_wiz_1_0
  To Clock:  clkfbout_microblaze_clk_wiz_1_0

Setup :           NA  Failing Endpoints,  Worst Slack           NA  ,  Total Violation           NA
Hold  :           NA  Failing Endpoints,  Worst Slack           NA  ,  Total Violation           NA
PW    :            0  Failing Endpoints,  Worst Slack        7.845ns,  Total Violation        0.000ns
---------------------------------------------------------------------------------------------------


Pulse Width Checks
--------------------------------------------------------------------------------------
Clock Name:         clkfbout_microblaze_clk_wiz_1_0
Waveform(ns):       { 0.000 5.000 }
Period(ns):         10.000
Sources:            { microblaze_i/clk_wiz_1/inst/mmcm_adv_inst/CLKFBOUT }

Check Type  Corner  Lib Pin             Reference Pin  Required(ns)  Actual(ns)  Slack(ns)  Location         Pin
Min Period  n/a     BUFG/I              n/a            2.155         10.000      7.845      BUFGCTRL_X0Y3    microblaze_i/clk_wiz_1/inst/clkf_buf/I
Max Period  n/a     MMCME2_ADV/CLKFBIN  n/a            100.000       10.000      90.000     MMCME2_ADV_X1Y0  microblaze_i/clk_wiz_1/inst/mmcm_adv_inst/CLKFBIN



---------------------------------------------------------------------------------------------------
From Clock:  pclk_microblaze_clk_wiz_1_0
  To Clock:  pclk_microblaze_clk_wiz_1_0

Setup :            0  Failing Endpoints,  Worst Slack        5.476ns,  Total Violation        0.000ns
Hold  :            0  Failing Endpoints,  Worst Slack        0.073ns,  Total Violation        0.000ns
PW    :            0  Failing Endpoints,  Worst Slack        6.167ns,  Total Violation        0.000ns
---------------------------------------------------------------------------------------------------


Max Delay Paths
--------------------------------------------------------------------------------------
Slack (MET) :             5.476ns  (required time - arrival time)
  Source:                 microblaze_i/Video_Controller_4regs_0/inst/Video_Controller_4regs_v1_S00_AXI_inst/pixel_counter/vc_reg[7]/C
                            (rising edge-triggered cell FDRE clocked by pclk_microblaze_clk_wiz_1_0  {rise@0.000ns fall@6.667ns period=13.333ns})
  Destination:            microblaze_i/Video_Controller_4regs_0/inst/Video_Controller_4regs_v1_S00_AXI_inst/car_obstacle/_rgb_pixel_reg[0]/D
                            (rising edge-triggered cell FDRE clocked by pclk_microblaze_clk_wiz_1_0  {rise@0.000ns fall@6.667ns period=13.333ns})
  Path Group:             pclk_microblaze_clk_wiz_1_0
  Path Type:              Setup (Max at Slow Process Corner)
  Requirement:            13.333ns  (pclk_microblaze_clk_wiz_1_0 rise@13.333ns - pclk_microblaze_clk_wiz_1_0 rise@0.000ns)
  Data Path Delay:        7.839ns  (logic 1.619ns (20.654%)  route 6.220ns (79.346%))
  Logic Levels:           5  (CARRY4=2 LUT4=3)
  Clock Path Skew:        0.028ns (DCD - SCD + CPR)
    Destination Clock Delay (DCD):    -1.478ns = ( 11.855 - 13.333 ) 
    Source Clock Delay      (SCD):    -0.943ns
    Clock Pessimism Removal (CPR):    0.564ns
  Clock Uncertainty:      0.078ns  ((TSJ^2 + DJ^2)^1/2) / 2 + PE
    Total System Jitter     (TSJ):    0.071ns
    Discrete Jitter          (DJ):    0.138ns
    Phase Error              (PE):    0.000ns

    Location             Delay type                Incr(ns)  Path(ns)    Netlist Resource(s)
  -------------------------------------------------------------------    -------------------
                         (clock pclk_microblaze_clk_wiz_1_0 rise edge)
                                                      0.000     0.000 r  
    W5                                                0.000     0.000 r  clk_100MHz (IN)
                         net (fo=0)                   0.000     0.000    microblaze_i/clk_wiz_1/inst/clk_in1
    W5                   IBUF (Prop_ibuf_I_O)         1.458     1.458 r  microblaze_i/clk_wiz_1/inst/clkin1_ibufg/O
                         net (fo=1, routed)           1.233     2.691    microblaze_i/clk_wiz_1/inst/clk_in1_microblaze_clk_wiz_1_0
    MMCME2_ADV_X1Y0      MMCME2_ADV (Prop_mmcme2_adv_CLKIN1_CLKOUT1)
                                                     -6.961    -4.269 r  microblaze_i/clk_wiz_1/inst/mmcm_adv_inst/CLKOUT1
                         net (fo=1, routed)           1.661    -2.608    microblaze_i/clk_wiz_1/inst/pclk_microblaze_clk_wiz_1_0
    BUFGCTRL_X0Y1        BUFG (Prop_bufg_I_O)         0.096    -2.512 r  microblaze_i/clk_wiz_1/inst/clkout2_buf/O
                         net (fo=386, routed)         1.569    -0.943    microblaze_i/Video_Controller_4regs_0/inst/Video_Controller_4regs_v1_S00_AXI_inst/pixel_counter/pclk
    SLICE_X9Y45          FDRE                                         r  microblaze_i/Video_Controller_4regs_0/inst/Video_Controller_4regs_v1_S00_AXI_inst/pixel_counter/vc_reg[7]/C
  -------------------------------------------------------------------    -------------------
    SLICE_X9Y45          FDRE (Prop_fdre_C_Q)         0.456    -0.487 r  microblaze_i/Video_Controller_4regs_0/inst/Video_Controller_4regs_v1_S00_AXI_inst/pixel_counter/vc_reg[7]/Q
                         net (fo=82, routed)          3.580     3.093    microblaze_i/Video_Controller_4regs_0/inst/Video_Controller_4regs_v1_S00_AXI_inst/car_obstacle/vc_reg[10][7]
    SLICE_X2Y28          LUT4 (Prop_lut4_I1_O)        0.124     3.217 r  microblaze_i/Video_Controller_4regs_0/inst/Video_Controller_4regs_v1_S00_AXI_inst/car_obstacle/i__carry__0_i_4__16/O
                         net (fo=1, routed)           0.000     3.217    microblaze_i/Video_Controller_4regs_0/inst/Video_Controller_4regs_v1_S00_AXI_inst/car_obstacle/i__carry__0_i_4__16_n_0
    SLICE_X2Y28          CARRY4 (Prop_carry4_S[3]_CO[3])
                                                      0.376     3.593 r  microblaze_i/Video_Controller_4regs_0/inst/Video_Controller_4regs_v1_S00_AXI_inst/car_obstacle/p_1_out_inferred__4/i__carry__0/CO[3]
                         net (fo=1, routed)           0.000     3.593    microblaze_i/Video_Controller_4regs_0/inst/Video_Controller_4regs_v1_S00_AXI_inst/car_obstacle/p_1_out_inferred__4/i__carry__0_n_0
    SLICE_X2Y29          CARRY4 (Prop_carry4_CI_CO[2])
                                                      0.229     3.822 r  microblaze_i/Video_Controller_4regs_0/inst/Video_Controller_4regs_v1_S00_AXI_inst/car_obstacle/p_1_out_inferred__4/i__carry__1/CO[2]
                         net (fo=5, routed)           1.584     5.406    microblaze_i/Video_Controller_4regs_0/inst/Video_Controller_4regs_v1_S00_AXI_inst/car_obstacle/p_1_out_inferred__4/i__carry__1_n_1
    SLICE_X9Y44          LUT4 (Prop_lut4_I2_O)        0.310     5.716 f  microblaze_i/Video_Controller_4regs_0/inst/Video_Controller_4regs_v1_S00_AXI_inst/car_obstacle/_rgb_pixel[10]_i_3/O
                         net (fo=4, routed)           1.056     6.772    microblaze_i/Video_Controller_4regs_0/inst/Video_Controller_4regs_v1_S00_AXI_inst/car_obstacle/_rgb_pixel[10]_i_3_n_0
    SLICE_X4Y44          LUT4 (Prop_lut4_I1_O)        0.124     6.896 r  microblaze_i/Video_Controller_4regs_0/inst/Video_Controller_4regs_v1_S00_AXI_inst/car_obstacle/_rgb_pixel[0]_i_1/O
                         net (fo=1, routed)           0.000     6.896    microblaze_i/Video_Controller_4regs_0/inst/Video_Controller_4regs_v1_S00_AXI_inst/car_obstacle/nxt_pixel[0]
    SLICE_X4Y44          FDRE                                         r  microblaze_i/Video_Controller_4regs_0/inst/Video_Controller_4regs_v1_S00_AXI_inst/car_obstacle/_rgb_pixel_reg[0]/D
  -------------------------------------------------------------------    -------------------

                         (clock pclk_microblaze_clk_wiz_1_0 rise edge)
                                                     13.333    13.333 r  
    W5                                                0.000    13.333 r  clk_100MHz (IN)
                         net (fo=0)                   0.000    13.333    microblaze_i/clk_wiz_1/inst/clk_in1
    W5                   IBUF (Prop_ibuf_I_O)         1.388    14.721 r  microblaze_i/clk_wiz_1/inst/clkin1_ibufg/O
                         net (fo=1, routed)           1.162    15.883    microblaze_i/clk_wiz_1/inst/clk_in1_microblaze_clk_wiz_1_0
    MMCME2_ADV_X1Y0      MMCME2_ADV (Prop_mmcme2_adv_CLKIN1_CLKOUT1)
                                                     -7.217     8.666 r  microblaze_i/clk_wiz_1/inst/mmcm_adv_inst/CLKOUT1
                         net (fo=1, routed)           1.581    10.247    microblaze_i/clk_wiz_1/inst/pclk_microblaze_clk_wiz_1_0
    BUFGCTRL_X0Y1        BUFG (Prop_bufg_I_O)         0.091    10.338 r  microblaze_i/clk_wiz_1/inst/clkout2_buf/O
                         net (fo=386, routed)         1.517    11.855    microblaze_i/Video_Controller_4regs_0/inst/Video_Controller_4regs_v1_S00_AXI_inst/car_obstacle/pclk
    SLICE_X4Y44          FDRE                                         r  microblaze_i/Video_Controller_4regs_0/inst/Video_Controller_4regs_v1_S00_AXI_inst/car_obstacle/_rgb_pixel_reg[0]/C
                         clock pessimism              0.564    12.419    
                         clock uncertainty           -0.078    12.341    
    SLICE_X4Y44          FDRE (Setup_fdre_C_D)        0.031    12.372    microblaze_i/Video_Controller_4regs_0/inst/Video_Controller_4regs_v1_S00_AXI_inst/car_obstacle/_rgb_pixel_reg[0]
  -------------------------------------------------------------------
                         required time                         12.372    
                         arrival time                          -6.896    
  -------------------------------------------------------------------
                         slack                                  5.476    





Min Delay Paths
--------------------------------------------------------------------------------------
Slack (MET) :             0.073ns  (arrival time - required time)
  Source:                 microblaze_i/Video_Controller_4regs_0/inst/Video_Controller_4regs_v1_S00_AXI_inst/frogger_background/bg_type_reg[1]/C
                            (rising edge-triggered cell FDRE clocked by pclk_microblaze_clk_wiz_1_0  {rise@0.000ns fall@6.667ns period=13.333ns})
  Destination:            microblaze_i/Video_Controller_4regs_0/inst/Video_Controller_4regs_v1_S00_AXI_inst/frogger_background/_rgb_pixel_reg[8]/D
                            (rising edge-triggered cell FDRE clocked by pclk_microblaze_clk_wiz_1_0  {rise@0.000ns fall@6.667ns period=13.333ns})
  Path Group:             pclk_microblaze_clk_wiz_1_0
  Path Type:              Hold (Min at Fast Process Corner)
  Requirement:            0.000ns  (pclk_microblaze_clk_wiz_1_0 rise@0.000ns - pclk_microblaze_clk_wiz_1_0 rise@0.000ns)
  Data Path Delay:        0.453ns  (logic 0.192ns (42.371%)  route 0.261ns (57.629%))
  Logic Levels:           1  (LUT4=1)
  Clock Path Skew:        0.273ns (DCD - SCD - CPR)
    Destination Clock Delay (DCD):    -0.823ns
    Source Clock Delay      (SCD):    -0.587ns
    Clock Pessimism Removal (CPR):    -0.508ns

    Location             Delay type                Incr(ns)  Path(ns)    Netlist Resource(s)
  -------------------------------------------------------------------    -------------------
                         (clock pclk_microblaze_clk_wiz_1_0 rise edge)
                                                      0.000     0.000 r  
    W5                                                0.000     0.000 r  clk_100MHz (IN)
                         net (fo=0)                   0.000     0.000    microblaze_i/clk_wiz_1/inst/clk_in1
    W5                   IBUF (Prop_ibuf_I_O)         0.226     0.226 r  microblaze_i/clk_wiz_1/inst/clkin1_ibufg/O
                         net (fo=1, routed)           0.440     0.667    microblaze_i/clk_wiz_1/inst/clk_in1_microblaze_clk_wiz_1_0
    MMCME2_ADV_X1Y0      MMCME2_ADV (Prop_mmcme2_adv_CLKIN1_CLKOUT1)
                                                     -2.360    -1.693 r  microblaze_i/clk_wiz_1/inst/mmcm_adv_inst/CLKOUT1
                         net (fo=1, routed)           0.486    -1.207    microblaze_i/clk_wiz_1/inst/pclk_microblaze_clk_wiz_1_0
    BUFGCTRL_X0Y1        BUFG (Prop_bufg_I_O)         0.026    -1.181 r  microblaze_i/clk_wiz_1/inst/clkout2_buf/O
                         net (fo=386, routed)         0.594    -0.587    microblaze_i/Video_Controller_4regs_0/inst/Video_Controller_4regs_v1_S00_AXI_inst/frogger_background/pclk
    SLICE_X1Y50          FDRE                                         r  microblaze_i/Video_Controller_4regs_0/inst/Video_Controller_4regs_v1_S00_AXI_inst/frogger_background/bg_type_reg[1]/C
  -------------------------------------------------------------------    -------------------
    SLICE_X1Y50          FDRE (Prop_fdre_C_Q)         0.141    -0.446 f  microblaze_i/Video_Controller_4regs_0/inst/Video_Controller_4regs_v1_S00_AXI_inst/frogger_background/bg_type_reg[1]/Q
                         net (fo=8, routed)           0.261    -0.185    microblaze_i/Video_Controller_4regs_0/inst/Video_Controller_4regs_v1_S00_AXI_inst/frogger_background/bg_type_reg_n_0_[1]
    SLICE_X0Y47          LUT4 (Prop_lut4_I2_O)        0.051    -0.134 r  microblaze_i/Video_Controller_4regs_0/inst/Video_Controller_4regs_v1_S00_AXI_inst/frogger_background//_rgb_pixel[8]_i_1/O
                         net (fo=1, routed)           0.000    -0.134    microblaze_i/Video_Controller_4regs_0/inst/Video_Controller_4regs_v1_S00_AXI_inst/frogger_background/p_1_out[8]
    SLICE_X0Y47          FDRE                                         r  microblaze_i/Video_Controller_4regs_0/inst/Video_Controller_4regs_v1_S00_AXI_inst/frogger_background/_rgb_pixel_reg[8]/D
  -------------------------------------------------------------------    -------------------

                         (clock pclk_microblaze_clk_wiz_1_0 rise edge)
                                                      0.000     0.000 r  
    W5                                                0.000     0.000 r  clk_100MHz (IN)
                         net (fo=0)                   0.000     0.000    microblaze_i/clk_wiz_1/inst/clk_in1
    W5                   IBUF (Prop_ibuf_I_O)         0.414     0.414 r  microblaze_i/clk_wiz_1/inst/clkin1_ibufg/O
                         net (fo=1, routed)           0.480     0.894    microblaze_i/clk_wiz_1/inst/clk_in1_microblaze_clk_wiz_1_0
    MMCME2_ADV_X1Y0      MMCME2_ADV (Prop_mmcme2_adv_CLKIN1_CLKOUT1)
                                                     -3.142    -2.248 r  microblaze_i/clk_wiz_1/inst/mmcm_adv_inst/CLKOUT1
                         net (fo=1, routed)           0.530    -1.718    microblaze_i/clk_wiz_1/inst/pclk_microblaze_clk_wiz_1_0
    BUFGCTRL_X0Y1        BUFG (Prop_bufg_I_O)         0.029    -1.689 r  microblaze_i/clk_wiz_1/inst/clkout2_buf/O
                         net (fo=386, routed)         0.867    -0.823    microblaze_i/Video_Controller_4regs_0/inst/Video_Controller_4regs_v1_S00_AXI_inst/frogger_background/pclk
    SLICE_X0Y47          FDRE                                         r  microblaze_i/Video_Controller_4regs_0/inst/Video_Controller_4regs_v1_S00_AXI_inst/frogger_background/_rgb_pixel_reg[8]/C
                         clock pessimism              0.508    -0.314    
    SLICE_X0Y47          FDRE (Hold_fdre_C_D)         0.107    -0.207    microblaze_i/Video_Controller_4regs_0/inst/Video_Controller_4regs_v1_S00_AXI_inst/frogger_background/_rgb_pixel_reg[8]
  -------------------------------------------------------------------
                         required time                          0.207    
                         arrival time                          -0.134    
  -------------------------------------------------------------------
                         slack                                  0.073    





Pulse Width Checks
--------------------------------------------------------------------------------------
Clock Name:         pclk_microblaze_clk_wiz_1_0
Waveform(ns):       { 0.000 6.667 }
Period(ns):         13.333
Sources:            { microblaze_i/clk_wiz_1/inst/mmcm_adv_inst/CLKOUT1 }

Check Type        Corner  Lib Pin             Reference Pin  Required(ns)  Actual(ns)  Slack(ns)  Location         Pin
Min Period        n/a     BUFG/I              n/a            2.155         13.333      11.178     BUFGCTRL_X0Y1    microblaze_i/clk_wiz_1/inst/clkout2_buf/I
Max Period        n/a     MMCME2_ADV/CLKOUT1  n/a            213.360       13.333      200.027    MMCME2_ADV_X1Y0  microblaze_i/clk_wiz_1/inst/mmcm_adv_inst/CLKOUT1
Low Pulse Width   Slow    FDRE/C              n/a            0.500         6.667       6.167      SLICE_X1Y46      microblaze_i/Video_Controller_4regs_0/inst/Video_Controller_4regs_v1_S00_AXI_inst/_rgb_out_reg[0]/C
High Pulse Width  Fast    FDRE/C              n/a            0.500         6.667       6.167      SLICE_X5Y45      microblaze_i/Video_Controller_4regs_0/inst/Video_Controller_4regs_v1_S00_AXI_inst/_hsync_reg/C



---------------------------------------------------------------------------------------------------
From Clock:  microblaze_i/mdm_1/U0/Use_E2.BSCAN_I/Use_E2.BSCANE2_I/DRCK
  To Clock:  microblaze_i/mdm_1/U0/Use_E2.BSCAN_I/Use_E2.BSCANE2_I/DRCK

Setup :            0  Failing Endpoints,  Worst Slack       13.315ns,  Total Violation        0.000ns
Hold  :            0  Failing Endpoints,  Worst Slack        0.047ns,  Total Violation        0.000ns
PW    :            0  Failing Endpoints,  Worst Slack       15.686ns,  Total Violation        0.000ns
---------------------------------------------------------------------------------------------------


Max Delay Paths
--------------------------------------------------------------------------------------
Slack (MET) :             13.315ns  (required time - arrival time)
  Source:                 microblaze_i/mdm_1/U0/MDM_Core_I1/JTAG_CONTROL_I/Use_BSCAN.SYNC_FDRE/Using_FPGA.Native/C
                            (falling edge-triggered cell FDRE clocked by microblaze_i/mdm_1/U0/Use_E2.BSCAN_I/Use_E2.BSCANE2_I/DRCK  {rise@0.000ns fall@16.667ns period=33.333ns})
  Destination:            microblaze_i/mdm_1/U0/MDM_Core_I1/JTAG_CONTROL_I/Use_UART.fifo_Din_reg[0]/CE
                            (rising edge-triggered cell FDCE clocked by microblaze_i/mdm_1/U0/Use_E2.BSCAN_I/Use_E2.BSCANE2_I/DRCK  {rise@0.000ns fall@16.667ns period=33.333ns})
  Path Group:             microblaze_i/mdm_1/U0/Use_E2.BSCAN_I/Use_E2.BSCANE2_I/DRCK
  Path Type:              Setup (Max at Slow Process Corner)
  Requirement:            16.667ns  (microblaze_i/mdm_1/U0/Use_E2.BSCAN_I/Use_E2.BSCANE2_I/DRCK rise@33.333ns - microblaze_i/mdm_1/U0/Use_E2.BSCAN_I/Use_E2.BSCANE2_I/DRCK fall@16.667ns)
  Data Path Delay:        3.109ns  (logic 0.583ns (18.754%)  route 2.526ns (81.246%))
  Logic Levels:           1  (LUT6=1)
  Clock Path Skew:        -0.038ns (DCD - SCD + CPR)
    Destination Clock Delay (DCD):    3.243ns = ( 36.576 - 33.333 ) 
    Source Clock Delay      (SCD):    3.564ns = ( 20.230 - 16.667 ) 
    Clock Pessimism Removal (CPR):    0.282ns
  Clock Uncertainty:      0.035ns  ((TSJ^2 + TIJ^2)^1/2 + DJ) / 2 + PE
    Total System Jitter     (TSJ):    0.071ns
    Total Input Jitter      (TIJ):    0.000ns
    Discrete Jitter          (DJ):    0.000ns
    Phase Error              (PE):    0.000ns

    Location             Delay type                Incr(ns)  Path(ns)    Netlist Resource(s)
  -------------------------------------------------------------------    -------------------
                         (clock microblaze_i/mdm_1/U0/Use_E2.BSCAN_I/Use_E2.BSCANE2_I/DRCK fall edge)
                                                     16.667    16.667 f  
    BSCAN_X0Y1           BSCANE2                      0.000    16.667 f  microblaze_i/mdm_1/U0/Use_E2.BSCAN_I/Use_E2.BSCANE2_I/DRCK
                         net (fo=1, routed)           1.917    18.583    microblaze_i/mdm_1/U0/No_Dbg_Reg_Access.BUFG_DRCK/drck_i
    BUFGCTRL_X0Y2        BUFG (Prop_bufg_I_O)         0.096    18.679 f  microblaze_i/mdm_1/U0/No_Dbg_Reg_Access.BUFG_DRCK/Using_FPGA.Native/O
                         net (fo=250, routed)         1.551    20.230    microblaze_i/mdm_1/U0/MDM_Core_I1/JTAG_CONTROL_I/Use_BSCAN.SYNC_FDRE/Use_BSCAN.PORT_Selector_reg[0]
    SLICE_X41Y61         FDRE                                         r  microblaze_i/mdm_1/U0/MDM_Core_I1/JTAG_CONTROL_I/Use_BSCAN.SYNC_FDRE/Using_FPGA.Native/C  (IS_INVERTED)
  -------------------------------------------------------------------    -------------------
    SLICE_X41Y61         FDRE (Prop_fdre_C_Q)         0.459    20.689 r  microblaze_i/mdm_1/U0/MDM_Core_I1/JTAG_CONTROL_I/Use_BSCAN.SYNC_FDRE/Using_FPGA.Native/Q
                         net (fo=5, routed)           0.780    21.469    microblaze_i/mdm_1/U0/MDM_Core_I1/JTAG_CONTROL_I/Use_BSCAN.SYNC_FDRE/sync
    SLICE_X42Y60         LUT6 (Prop_lut6_I0_O)        0.124    21.593 r  microblaze_i/mdm_1/U0/MDM_Core_I1/JTAG_CONTROL_I/Use_BSCAN.SYNC_FDRE/Dbg_Shift_31_INST_0/O
                         net (fo=16, routed)          1.746    23.339    microblaze_i/mdm_1/U0/MDM_Core_I1/JTAG_CONTROL_I/E[0]
    SLICE_X6Y57          FDCE                                         r  microblaze_i/mdm_1/U0/MDM_Core_I1/JTAG_CONTROL_I/Use_UART.fifo_Din_reg[0]/CE
  -------------------------------------------------------------------    -------------------

                         (clock microblaze_i/mdm_1/U0/Use_E2.BSCAN_I/Use_E2.BSCANE2_I/DRCK rise edge)
                                                     33.333    33.333 r  
    BSCAN_X0Y1           BSCANE2                      0.000    33.333 r  microblaze_i/mdm_1/U0/Use_E2.BSCAN_I/Use_E2.BSCANE2_I/DRCK
                         net (fo=1, routed)           1.647    34.980    microblaze_i/mdm_1/U0/No_Dbg_Reg_Access.BUFG_DRCK/drck_i
    BUFGCTRL_X0Y2        BUFG (Prop_bufg_I_O)         0.091    35.071 r  microblaze_i/mdm_1/U0/No_Dbg_Reg_Access.BUFG_DRCK/Using_FPGA.Native/O
                         net (fo=250, routed)         1.506    36.576    microblaze_i/mdm_1/U0/MDM_Core_I1/JTAG_CONTROL_I/Use_BSCAN.PORT_Selector_reg[0]
    SLICE_X6Y57          FDCE                                         r  microblaze_i/mdm_1/U0/MDM_Core_I1/JTAG_CONTROL_I/Use_UART.fifo_Din_reg[0]/C
                         clock pessimism              0.282    36.858    
                         clock uncertainty           -0.035    36.823    
    SLICE_X6Y57          FDCE (Setup_fdce_C_CE)      -0.169    36.654    microblaze_i/mdm_1/U0/MDM_Core_I1/JTAG_CONTROL_I/Use_UART.fifo_Din_reg[0]
  -------------------------------------------------------------------
                         required time                         36.654    
                         arrival time                         -23.339    
  -------------------------------------------------------------------
                         slack                                 13.315    





Min Delay Paths
--------------------------------------------------------------------------------------
Slack (MET) :             0.047ns  (arrival time - required time)
  Source:                 microblaze_i/microblaze_0/U0/MicroBlaze_Core_I/Performance.Core/Use_Debug_Logic.Master_Core.Debug_Perf/Serial_Dbg_Intf.shift_datain_reg[10]/C
                            (rising edge-triggered cell FDCE clocked by microblaze_i/mdm_1/U0/Use_E2.BSCAN_I/Use_E2.BSCANE2_I/DRCK  {rise@0.000ns fall@16.667ns period=33.333ns})
  Destination:            microblaze_i/microblaze_0/U0/MicroBlaze_Core_I/Performance.Core/Use_Debug_Logic.Master_Core.Debug_Perf/Serial_Dbg_Intf.shift_datain_reg[9]/D
                            (rising edge-triggered cell FDCE clocked by microblaze_i/mdm_1/U0/Use_E2.BSCAN_I/Use_E2.BSCANE2_I/DRCK  {rise@0.000ns fall@16.667ns period=33.333ns})
  Path Group:             microblaze_i/mdm_1/U0/Use_E2.BSCAN_I/Use_E2.BSCANE2_I/DRCK
  Path Type:              Hold (Min at Fast Process Corner)
  Requirement:            0.000ns  (microblaze_i/mdm_1/U0/Use_E2.BSCAN_I/Use_E2.BSCANE2_I/DRCK rise@0.000ns - microblaze_i/mdm_1/U0/Use_E2.BSCAN_I/Use_E2.BSCANE2_I/DRCK rise@0.000ns)
  Data Path Delay:        0.380ns  (logic 0.141ns (37.124%)  route 0.239ns (62.876%))
  Logic Levels:           0  
  Clock Path Skew:        0.269ns (DCD - SCD - CPR)
    Destination Clock Delay (DCD):    1.748ns
    Source Clock Delay      (SCD):    1.357ns
    Clock Pessimism Removal (CPR):    0.122ns

    Location             Delay type                Incr(ns)  Path(ns)    Netlist Resource(s)
  -------------------------------------------------------------------    -------------------
                         (clock microblaze_i/mdm_1/U0/Use_E2.BSCAN_I/Use_E2.BSCANE2_I/DRCK rise edge)
                                                      0.000     0.000 r  
    BSCAN_X0Y1           BSCANE2                      0.000     0.000 r  microblaze_i/mdm_1/U0/Use_E2.BSCAN_I/Use_E2.BSCANE2_I/DRCK
                         net (fo=1, routed)           0.765     0.765    microblaze_i/mdm_1/U0/No_Dbg_Reg_Access.BUFG_DRCK/drck_i
    BUFGCTRL_X0Y2        BUFG (Prop_bufg_I_O)         0.026     0.791 r  microblaze_i/mdm_1/U0/No_Dbg_Reg_Access.BUFG_DRCK/Using_FPGA.Native/O
                         net (fo=250, routed)         0.567     1.357    microblaze_i/microblaze_0/U0/MicroBlaze_Core_I/Performance.Core/Use_Debug_Logic.Master_Core.Debug_Perf/Dbg_Clk
    SLICE_X53Y49         FDCE                                         r  microblaze_i/microblaze_0/U0/MicroBlaze_Core_I/Performance.Core/Use_Debug_Logic.Master_Core.Debug_Perf/Serial_Dbg_Intf.shift_datain_reg[10]/C
  -------------------------------------------------------------------    -------------------
    SLICE_X53Y49         FDCE (Prop_fdce_C_Q)         0.141     1.498 r  microblaze_i/microblaze_0/U0/MicroBlaze_Core_I/Performance.Core/Use_Debug_Logic.Master_Core.Debug_Perf/Serial_Dbg_Intf.shift_datain_reg[10]/Q
                         net (fo=2, routed)           0.239     1.737    microblaze_i/microblaze_0/U0/MicroBlaze_Core_I/Performance.Core/Use_Debug_Logic.Master_Core.Debug_Perf/p_0_in__0[22]
    SLICE_X54Y50         FDCE                                         r  microblaze_i/microblaze_0/U0/MicroBlaze_Core_I/Performance.Core/Use_Debug_Logic.Master_Core.Debug_Perf/Serial_Dbg_Intf.shift_datain_reg[9]/D
  -------------------------------------------------------------------    -------------------

                         (clock microblaze_i/mdm_1/U0/Use_E2.BSCAN_I/Use_E2.BSCANE2_I/DRCK rise edge)
                                                      0.000     0.000 r  
    BSCAN_X0Y1           BSCANE2                      0.000     0.000 r  microblaze_i/mdm_1/U0/Use_E2.BSCAN_I/Use_E2.BSCANE2_I/DRCK
                         net (fo=1, routed)           0.884     0.884    microblaze_i/mdm_1/U0/No_Dbg_Reg_Access.BUFG_DRCK/drck_i
    BUFGCTRL_X0Y2        BUFG (Prop_bufg_I_O)         0.029     0.913 r  microblaze_i/mdm_1/U0/No_Dbg_Reg_Access.BUFG_DRCK/Using_FPGA.Native/O
                         net (fo=250, routed)         0.835     1.748    microblaze_i/microblaze_0/U0/MicroBlaze_Core_I/Performance.Core/Use_Debug_Logic.Master_Core.Debug_Perf/Dbg_Clk
    SLICE_X54Y50         FDCE                                         r  microblaze_i/microblaze_0/U0/MicroBlaze_Core_I/Performance.Core/Use_Debug_Logic.Master_Core.Debug_Perf/Serial_Dbg_Intf.shift_datain_reg[9]/C
                         clock pessimism             -0.122     1.626    
    SLICE_X54Y50         FDCE (Hold_fdce_C_D)         0.064     1.690    microblaze_i/microblaze_0/U0/MicroBlaze_Core_I/Performance.Core/Use_Debug_Logic.Master_Core.Debug_Perf/Serial_Dbg_Intf.shift_datain_reg[9]
  -------------------------------------------------------------------
                         required time                         -1.690    
                         arrival time                           1.737    
  -------------------------------------------------------------------
                         slack                                  0.047    





Pulse Width Checks
--------------------------------------------------------------------------------------
Clock Name:         microblaze_i/mdm_1/U0/Use_E2.BSCAN_I/Use_E2.BSCANE2_I/DRCK
Waveform(ns):       { 0.000 16.667 }
Period(ns):         33.333
Sources:            { microblaze_i/mdm_1/U0/Use_E2.BSCAN_I/Use_E2.BSCANE2_I/DRCK }

Check Type        Corner  Lib Pin     Reference Pin  Required(ns)  Actual(ns)  Slack(ns)  Location       Pin
Min Period        n/a     BUFG/I      n/a            2.155         33.333      31.178     BUFGCTRL_X0Y2  microblaze_i/mdm_1/U0/No_Dbg_Reg_Access.BUFG_DRCK/Using_FPGA.Native/I
Low Pulse Width   Fast    SRL16E/CLK  n/a            0.980         16.666      15.686     SLICE_X42Y57   microblaze_i/microblaze_0/U0/MicroBlaze_Core_I/Performance.Core/Use_Debug_Logic.Master_Core.Debug_Perf/Serial_Dbg_Intf.The_Cache_Addresses[4].SRL16E_Cache_I/Use_unisim.MB_SRL16E_I1/CLK
High Pulse Width  Slow    SRL16E/CLK  n/a            0.980         16.666      15.686     SLICE_X42Y55   microblaze_i/microblaze_0/U0/MicroBlaze_Core_I/Performance.Core/Use_Debug_Logic.Master_Core.Debug_Perf/Serial_Dbg_Intf.SRL16E_1/Use_unisim.MB_SRL16E_I1/CLK



---------------------------------------------------------------------------------------------------
From Clock:  microblaze_i/mdm_1/U0/Use_E2.BSCAN_I/Use_E2.BSCANE2_I/UPDATE
  To Clock:  microblaze_i/mdm_1/U0/Use_E2.BSCAN_I/Use_E2.BSCANE2_I/UPDATE

Setup :            0  Failing Endpoints,  Worst Slack       11.043ns,  Total Violation        0.000ns
Hold  :            0  Failing Endpoints,  Worst Slack        0.369ns,  Total Violation        0.000ns
PW    :            0  Failing Endpoints,  Worst Slack       16.166ns,  Total Violation        0.000ns
---------------------------------------------------------------------------------------------------


Max Delay Paths
--------------------------------------------------------------------------------------
Slack (MET) :             11.043ns  (required time - arrival time)
  Source:                 microblaze_i/mdm_1/U0/MDM_Core_I1/JTAG_CONTROL_I/Use_BSCAN.FDC_I/Using_FPGA.Native/C
                            (falling edge-triggered cell FDCE clocked by microblaze_i/mdm_1/U0/Use_E2.BSCAN_I/Use_E2.BSCANE2_I/UPDATE  {rise@0.000ns fall@16.667ns period=33.333ns})
  Destination:            microblaze_i/microblaze_0/U0/MicroBlaze_Core_I/Performance.Core/Use_Debug_Logic.Master_Core.Debug_Perf/Serial_Dbg_Intf.control_reg_reg[0]/CE
                            (rising edge-triggered cell FDCE clocked by microblaze_i/mdm_1/U0/Use_E2.BSCAN_I/Use_E2.BSCANE2_I/UPDATE  {rise@0.000ns fall@16.667ns period=33.333ns})
  Path Group:             microblaze_i/mdm_1/U0/Use_E2.BSCAN_I/Use_E2.BSCANE2_I/UPDATE
  Path Type:              Setup (Max at Slow Process Corner)
  Requirement:            16.667ns  (microblaze_i/mdm_1/U0/Use_E2.BSCAN_I/Use_E2.BSCANE2_I/UPDATE rise@33.333ns - microblaze_i/mdm_1/U0/Use_E2.BSCAN_I/Use_E2.BSCANE2_I/UPDATE fall@16.667ns)
  Data Path Delay:        5.394ns  (logic 0.942ns (17.463%)  route 4.452ns (82.537%))
  Logic Levels:           3  (LUT3=1 LUT4=1 LUT5=1)
  Clock Path Skew:        0.105ns (DCD - SCD + CPR)
    Destination Clock Delay (DCD):    2.418ns = ( 35.751 - 33.333 ) 
    Source Clock Delay      (SCD):    2.565ns = ( 19.232 - 16.667 ) 
    Clock Pessimism Removal (CPR):    0.252ns
  Clock Uncertainty:      0.035ns  ((TSJ^2 + TIJ^2)^1/2 + DJ) / 2 + PE
    Total System Jitter     (TSJ):    0.071ns
    Total Input Jitter      (TIJ):    0.000ns
    Discrete Jitter          (DJ):    0.000ns
    Phase Error              (PE):    0.000ns

    Location             Delay type                Incr(ns)  Path(ns)    Netlist Resource(s)
  -------------------------------------------------------------------    -------------------
                         (clock microblaze_i/mdm_1/U0/Use_E2.BSCAN_I/Use_E2.BSCANE2_I/UPDATE fall edge)
                                                     16.667    16.667 f  
    BSCAN_X0Y1           BSCANE2                      0.000    16.667 f  microblaze_i/mdm_1/U0/Use_E2.BSCAN_I/Use_E2.BSCANE2_I/UPDATE
                         net (fo=41, routed)          2.565    19.232    microblaze_i/mdm_1/U0/MDM_Core_I1/JTAG_CONTROL_I/Use_BSCAN.FDC_I/CLK
    SLICE_X40Y61         FDCE                                         r  microblaze_i/mdm_1/U0/MDM_Core_I1/JTAG_CONTROL_I/Use_BSCAN.FDC_I/Using_FPGA.Native/C  (IS_INVERTED)
  -------------------------------------------------------------------    -------------------
    SLICE_X40Y61         FDCE (Prop_fdce_C_Q)         0.340    19.572 f  microblaze_i/mdm_1/U0/MDM_Core_I1/JTAG_CONTROL_I/Use_BSCAN.FDC_I/Using_FPGA.Native/Q
                         net (fo=18, routed)          1.296    20.868    microblaze_i/mdm_1/U0/MDM_Core_I1/JTAG_CONTROL_I/Use_BSCAN.FDC_I/Q_1
    SLICE_X41Y59         LUT3 (Prop_lut3_I1_O)        0.152    21.020 f  microblaze_i/mdm_1/U0/MDM_Core_I1/JTAG_CONTROL_I/Use_BSCAN.FDC_I/Dbg_Reg_En_0[3]_INST_0/O
                         net (fo=5, routed)           1.135    22.156    microblaze_i/microblaze_0/U0/MicroBlaze_Core_I/Performance.Core/Use_Debug_Logic.Master_Core.Debug_Perf/Dbg_Reg_En[3]
    SLICE_X42Y57         LUT4 (Prop_lut4_I1_O)        0.326    22.482 r  microblaze_i/microblaze_0/U0/MicroBlaze_Core_I/Performance.Core/Use_Debug_Logic.Master_Core.Debug_Perf/Serial_Dbg_Intf.dbg_wakeup_i_i_3/O
                         net (fo=3, routed)           0.806    23.288    microblaze_i/microblaze_0/U0/MicroBlaze_Core_I/Performance.Core/Use_Debug_Logic.Master_Core.Debug_Perf/Serial_Dbg_Intf.control_reg_reg[8]_0
    SLICE_X45Y58         LUT5 (Prop_lut5_I0_O)        0.124    23.412 r  microblaze_i/microblaze_0/U0/MicroBlaze_Core_I/Performance.Core/Use_Debug_Logic.Master_Core.Debug_Perf/Serial_Dbg_Intf.dbg_wakeup_i_i_1/O
                         net (fo=8, routed)           1.214    24.626    microblaze_i/microblaze_0/U0/MicroBlaze_Core_I/Performance.Core/Use_Debug_Logic.Master_Core.Debug_Perf/Control_Reg_En
    SLICE_X51Y54         FDCE                                         r  microblaze_i/microblaze_0/U0/MicroBlaze_Core_I/Performance.Core/Use_Debug_Logic.Master_Core.Debug_Perf/Serial_Dbg_Intf.control_reg_reg[0]/CE
  -------------------------------------------------------------------    -------------------

                         (clock microblaze_i/mdm_1/U0/Use_E2.BSCAN_I/Use_E2.BSCANE2_I/UPDATE rise edge)
                                                     33.333    33.333 r  
    BSCAN_X0Y1           BSCANE2                      0.000    33.333 r  microblaze_i/mdm_1/U0/Use_E2.BSCAN_I/Use_E2.BSCANE2_I/UPDATE
                         net (fo=41, routed)          2.418    35.751    microblaze_i/microblaze_0/U0/MicroBlaze_Core_I/Performance.Core/Use_Debug_Logic.Master_Core.Debug_Perf/Dbg_Update
    SLICE_X51Y54         FDCE                                         r  microblaze_i/microblaze_0/U0/MicroBlaze_Core_I/Performance.Core/Use_Debug_Logic.Master_Core.Debug_Perf/Serial_Dbg_Intf.control_reg_reg[0]/C
                         clock pessimism              0.252    36.003    
                         clock uncertainty           -0.035    35.968    
    SLICE_X51Y54         FDCE (Setup_fdce_C_CE)      -0.298    35.670    microblaze_i/microblaze_0/U0/MicroBlaze_Core_I/Performance.Core/Use_Debug_Logic.Master_Core.Debug_Perf/Serial_Dbg_Intf.control_reg_reg[0]
  -------------------------------------------------------------------
                         required time                         35.670    
                         arrival time                         -24.626    
  -------------------------------------------------------------------
                         slack                                 11.043    





Min Delay Paths
--------------------------------------------------------------------------------------
Slack (MET) :             0.369ns  (arrival time - required time)
  Source:                 microblaze_i/mdm_1/U0/MDM_Core_I1/Use_BSCAN.PORT_Selector_reg[1]/C
                            (falling edge-triggered cell FDCE clocked by microblaze_i/mdm_1/U0/Use_E2.BSCAN_I/Use_E2.BSCANE2_I/UPDATE  {rise@0.000ns fall@16.667ns period=33.333ns})
  Destination:            microblaze_i/mdm_1/U0/MDM_Core_I1/JTAG_CONTROL_I/Use_BSCAN.command_reg[0]/CE
                            (falling edge-triggered cell FDCE clocked by microblaze_i/mdm_1/U0/Use_E2.BSCAN_I/Use_E2.BSCANE2_I/UPDATE  {rise@0.000ns fall@16.667ns period=33.333ns})
  Path Group:             microblaze_i/mdm_1/U0/Use_E2.BSCAN_I/Use_E2.BSCANE2_I/UPDATE
  Path Type:              Hold (Min at Fast Process Corner)
  Requirement:            0.000ns  (microblaze_i/mdm_1/U0/Use_E2.BSCAN_I/Use_E2.BSCANE2_I/UPDATE fall@16.667ns - microblaze_i/mdm_1/U0/Use_E2.BSCAN_I/Use_E2.BSCANE2_I/UPDATE fall@16.667ns)
  Data Path Delay:        0.432ns  (logic 0.157ns (36.377%)  route 0.275ns (63.622%))
  Logic Levels:           1  (LUT5=1)
  Clock Path Skew:        0.138ns (DCD - SCD - CPR)
    Destination Clock Delay (DCD):    1.381ns = ( 18.048 - 16.667 ) 
    Source Clock Delay      (SCD):    1.112ns = ( 17.778 - 16.667 ) 
    Clock Pessimism Removal (CPR):    0.132ns

    Location             Delay type                Incr(ns)  Path(ns)    Netlist Resource(s)
  -------------------------------------------------------------------    -------------------
                         (clock microblaze_i/mdm_1/U0/Use_E2.BSCAN_I/Use_E2.BSCANE2_I/UPDATE fall edge)
                                                     16.667    16.667 f  
    BSCAN_X0Y1           BSCANE2                      0.000    16.667 f  microblaze_i/mdm_1/U0/Use_E2.BSCAN_I/Use_E2.BSCANE2_I/UPDATE
                         net (fo=41, routed)          1.112    17.778    microblaze_i/mdm_1/U0/MDM_Core_I1/CLK
    SLICE_X39Y61         FDCE                                         r  microblaze_i/mdm_1/U0/MDM_Core_I1/Use_BSCAN.PORT_Selector_reg[1]/C  (IS_INVERTED)
  -------------------------------------------------------------------    -------------------
    SLICE_X39Y61         FDCE (Prop_fdce_C_Q)         0.112    17.890 f  microblaze_i/mdm_1/U0/MDM_Core_I1/Use_BSCAN.PORT_Selector_reg[1]/Q
                         net (fo=8, routed)           0.138    18.028    microblaze_i/mdm_1/U0/MDM_Core_I1/JTAG_CONTROL_I/Use_BSCAN.PORT_Selector_reg[3][1]
    SLICE_X39Y60         LUT5 (Prop_lut5_I2_O)        0.045    18.073 r  microblaze_i/mdm_1/U0/MDM_Core_I1/JTAG_CONTROL_I/Use_BSCAN.command[0]_i_1/O
                         net (fo=9, routed)           0.136    18.210    microblaze_i/mdm_1/U0/MDM_Core_I1/JTAG_CONTROL_I/Use_BSCAN.command[0]_i_1_n_0
    SLICE_X40Y60         FDCE                                         r  microblaze_i/mdm_1/U0/MDM_Core_I1/JTAG_CONTROL_I/Use_BSCAN.command_reg[0]/CE
  -------------------------------------------------------------------    -------------------

                         (clock microblaze_i/mdm_1/U0/Use_E2.BSCAN_I/Use_E2.BSCANE2_I/UPDATE fall edge)
                                                     16.667    16.667 f  
    BSCAN_X0Y1           BSCANE2                      0.000    16.667 f  microblaze_i/mdm_1/U0/Use_E2.BSCAN_I/Use_E2.BSCANE2_I/UPDATE
                         net (fo=41, routed)          1.381    18.048    microblaze_i/mdm_1/U0/MDM_Core_I1/JTAG_CONTROL_I/CLK
    SLICE_X40Y60         FDCE                                         r  microblaze_i/mdm_1/U0/MDM_Core_I1/JTAG_CONTROL_I/Use_BSCAN.command_reg[0]/C  (IS_INVERTED)
                         clock pessimism             -0.132    17.916    
    SLICE_X40Y60         FDCE (Hold_fdce_C_CE)       -0.075    17.841    microblaze_i/mdm_1/U0/MDM_Core_I1/JTAG_CONTROL_I/Use_BSCAN.command_reg[0]
  -------------------------------------------------------------------
                         required time                        -17.841    
                         arrival time                          18.210    
  -------------------------------------------------------------------
                         slack                                  0.369    





Pulse Width Checks
--------------------------------------------------------------------------------------
Clock Name:         microblaze_i/mdm_1/U0/Use_E2.BSCAN_I/Use_E2.BSCANE2_I/UPDATE
Waveform(ns):       { 0.000 16.667 }
Period(ns):         33.333
Sources:            { microblaze_i/mdm_1/U0/Use_E2.BSCAN_I/Use_E2.BSCANE2_I/UPDATE }

Check Type        Corner  Lib Pin  Reference Pin  Required(ns)  Actual(ns)  Slack(ns)  Location      Pin
Min Period        n/a     FDCE/C   n/a            1.000         33.333      32.333     SLICE_X40Y59  microblaze_i/mdm_1/U0/MDM_Core_I1/JTAG_CONTROL_I/Use_UART.execute_reg/C
Low Pulse Width   Slow    FDCE/C   n/a            0.500         16.666      16.166     SLICE_X47Y56  microblaze_i/microblaze_0/U0/MicroBlaze_Core_I/Performance.Core/Use_Debug_Logic.Master_Core.Debug_Perf/Serial_Dbg_Intf.normal_stop_TClk_reg/C
High Pulse Width  Slow    FDCE/C   n/a            0.500         16.666      16.166     SLICE_X41Y60  microblaze_i/mdm_1/U0/MDM_Core_I1/JTAG_CONTROL_I/command_1_reg[0]/C



---------------------------------------------------------------------------------------------------
From Clock:  clk_out1_microblaze_clk_wiz_1_0
  To Clock:  pclk_microblaze_clk_wiz_1_0

Setup :            0  Failing Endpoints,  Worst Slack        0.162ns,  Total Violation        0.000ns
Hold  :            0  Failing Endpoints,  Worst Slack        0.117ns,  Total Violation        0.000ns
---------------------------------------------------------------------------------------------------


Max Delay Paths
--------------------------------------------------------------------------------------
Slack (MET) :             0.162ns  (required time - arrival time)
  Source:                 microblaze_i/rst_clk_wiz_1_100M/U0/ACTIVE_LOW_PR_OUT_DFF[0].FDRE_PER_N/C
                            (rising edge-triggered cell FDRE clocked by clk_out1_microblaze_clk_wiz_1_0  {rise@0.000ns fall@5.000ns period=10.000ns})
  Destination:            microblaze_i/Video_Controller_4regs_0/inst/Video_Controller_4regs_v1_S00_AXI_inst/_rgb_out_reg[11]/R
                            (rising edge-triggered cell FDRE clocked by pclk_microblaze_clk_wiz_1_0  {rise@0.000ns fall@6.667ns period=13.333ns})
  Path Group:             pclk_microblaze_clk_wiz_1_0
  Path Type:              Setup (Max at Slow Process Corner)
  Requirement:            3.333ns  (pclk_microblaze_clk_wiz_1_0 rise@13.333ns - clk_out1_microblaze_clk_wiz_1_0 rise@10.000ns)
  Data Path Delay:        2.248ns  (logic 0.580ns (25.798%)  route 1.668ns (74.202%))
  Logic Levels:           1  (LUT1=1)
  Clock Path Skew:        -0.201ns (DCD - SCD + CPR)
    Destination Clock Delay (DCD):    -1.476ns = ( 11.857 - 13.333 ) 
    Source Clock Delay      (SCD):    -0.877ns = ( 9.123 - 10.000 ) 
    Clock Pessimism Removal (CPR):    0.398ns
  Clock Uncertainty:      0.198ns  ((TSJ^2 + DJ^2)^1/2) / 2 + PE
    Total System Jitter     (TSJ):    0.071ns
    Discrete Jitter          (DJ):    0.138ns
    Phase Error              (PE):    0.120ns

    Location             Delay type                Incr(ns)  Path(ns)    Netlist Resource(s)
  -------------------------------------------------------------------    -------------------
                         (clock clk_out1_microblaze_clk_wiz_1_0 rise edge)
                                                     10.000    10.000 r  
    W5                                                0.000    10.000 r  clk_100MHz (IN)
                         net (fo=0)                   0.000    10.000    microblaze_i/clk_wiz_1/inst/clk_in1
    W5                   IBUF (Prop_ibuf_I_O)         1.458    11.458 r  microblaze_i/clk_wiz_1/inst/clkin1_ibufg/O
                         net (fo=1, routed)           1.233    12.691    microblaze_i/clk_wiz_1/inst/clk_in1_microblaze_clk_wiz_1_0
    MMCME2_ADV_X1Y0      MMCME2_ADV (Prop_mmcme2_adv_CLKIN1_CLKOUT0)
                                                     -6.961     5.731 r  microblaze_i/clk_wiz_1/inst/mmcm_adv_inst/CLKOUT0
                         net (fo=1, routed)           1.661     7.392    microblaze_i/clk_wiz_1/inst/clk_out1_microblaze_clk_wiz_1_0
    BUFGCTRL_X0Y0        BUFG (Prop_bufg_I_O)         0.096     7.488 r  microblaze_i/clk_wiz_1/inst/clkout1_buf/O
                         net (fo=2893, routed)        1.635     9.123    microblaze_i/rst_clk_wiz_1_100M/U0/slowest_sync_clk
    SLICE_X5Y44          FDRE                                         r  microblaze_i/rst_clk_wiz_1_100M/U0/ACTIVE_LOW_PR_OUT_DFF[0].FDRE_PER_N/C
  -------------------------------------------------------------------    -------------------
    SLICE_X5Y44          FDRE (Prop_fdre_C_Q)         0.456     9.579 f  microblaze_i/rst_clk_wiz_1_100M/U0/ACTIVE_LOW_PR_OUT_DFF[0].FDRE_PER_N/Q
                         net (fo=30, routed)          0.633    10.213    microblaze_i/Video_Controller_4regs_0/inst/Video_Controller_4regs_v1_S00_AXI_inst/truck_obstacle/s00_axi_aresetn
    SLICE_X5Y45          LUT1 (Prop_lut1_I0_O)        0.124    10.337 r  microblaze_i/Video_Controller_4regs_0/inst/Video_Controller_4regs_v1_S00_AXI_inst/truck_obstacle/_rgb_out[11]_i_1/O
                         net (fo=249, routed)         1.035    11.372    microblaze_i/Video_Controller_4regs_0/inst/Video_Controller_4regs_v1_S00_AXI_inst/p_0_in
    SLICE_X2Y43          FDRE                                         r  microblaze_i/Video_Controller_4regs_0/inst/Video_Controller_4regs_v1_S00_AXI_inst/_rgb_out_reg[11]/R
  -------------------------------------------------------------------    -------------------

                         (clock pclk_microblaze_clk_wiz_1_0 rise edge)
                                                     13.333    13.333 r  
    W5                                                0.000    13.333 r  clk_100MHz (IN)
                         net (fo=0)                   0.000    13.333    microblaze_i/clk_wiz_1/inst/clk_in1
    W5                   IBUF (Prop_ibuf_I_O)         1.388    14.721 r  microblaze_i/clk_wiz_1/inst/clkin1_ibufg/O
                         net (fo=1, routed)           1.162    15.883    microblaze_i/clk_wiz_1/inst/clk_in1_microblaze_clk_wiz_1_0
    MMCME2_ADV_X1Y0      MMCME2_ADV (Prop_mmcme2_adv_CLKIN1_CLKOUT1)
                                                     -7.217     8.666 r  microblaze_i/clk_wiz_1/inst/mmcm_adv_inst/CLKOUT1
                         net (fo=1, routed)           1.581    10.247    microblaze_i/clk_wiz_1/inst/pclk_microblaze_clk_wiz_1_0
    BUFGCTRL_X0Y1        BUFG (Prop_bufg_I_O)         0.091    10.338 r  microblaze_i/clk_wiz_1/inst/clkout2_buf/O
                         net (fo=386, routed)         1.519    11.857    microblaze_i/Video_Controller_4regs_0/inst/Video_Controller_4regs_v1_S00_AXI_inst/pclk
    SLICE_X2Y43          FDRE                                         r  microblaze_i/Video_Controller_4regs_0/inst/Video_Controller_4regs_v1_S00_AXI_inst/_rgb_out_reg[11]/C
                         clock pessimism              0.398    12.256    
                         clock uncertainty           -0.198    12.058    
    SLICE_X2Y43          FDRE (Setup_fdre_C_R)       -0.524    11.534    microblaze_i/Video_Controller_4regs_0/inst/Video_Controller_4regs_v1_S00_AXI_inst/_rgb_out_reg[11]
  -------------------------------------------------------------------
                         required time                         11.534    
                         arrival time                         -11.372    
  -------------------------------------------------------------------
                         slack                                  0.162    





Min Delay Paths
--------------------------------------------------------------------------------------
Slack (MET) :             0.117ns  (arrival time - required time)
  Source:                 microblaze_i/Video_Controller_4regs_0/inst/Video_Controller_4regs_v1_S00_AXI_inst/car_obstacle/obj_reg5_reg[6]/C
                            (rising edge-triggered cell FDRE clocked by clk_out1_microblaze_clk_wiz_1_0  {rise@0.000ns fall@5.000ns period=10.000ns})
  Destination:            microblaze_i/Video_Controller_4regs_0/inst/Video_Controller_4regs_v1_S00_AXI_inst/car_obstacle/obj_buff5_reg[6]/D
                            (rising edge-triggered cell FDRE clocked by pclk_microblaze_clk_wiz_1_0  {rise@0.000ns fall@6.667ns period=13.333ns})
  Path Group:             pclk_microblaze_clk_wiz_1_0
  Path Type:              Hold (Min at Fast Process Corner)
  Requirement:            0.000ns  (pclk_microblaze_clk_wiz_1_0 rise@0.000ns - clk_out1_microblaze_clk_wiz_1_0 rise@0.000ns)
  Data Path Delay:        0.665ns  (logic 0.148ns (22.255%)  route 0.517ns (77.745%))
  Logic Levels:           0  
  Clock Path Skew:        0.316ns (DCD - SCD - CPR)
    Destination Clock Delay (DCD):    -0.862ns
    Source Clock Delay      (SCD):    -0.622ns
    Clock Pessimism Removal (CPR):    -0.555ns
  Clock Uncertainty:      0.198ns  ((TSJ^2 + DJ^2)^1/2) / 2 + PE
    Total System Jitter     (TSJ):    0.071ns
    Discrete Jitter          (DJ):    0.138ns
    Phase Error              (PE):    0.120ns

    Location             Delay type                Incr(ns)  Path(ns)    Netlist Resource(s)
  -------------------------------------------------------------------    -------------------
                         (clock clk_out1_microblaze_clk_wiz_1_0 rise edge)
                                                      0.000     0.000 r  
    W5                                                0.000     0.000 r  clk_100MHz (IN)
                         net (fo=0)                   0.000     0.000    microblaze_i/clk_wiz_1/inst/clk_in1
    W5                   IBUF (Prop_ibuf_I_O)         0.226     0.226 r  microblaze_i/clk_wiz_1/inst/clkin1_ibufg/O
                         net (fo=1, routed)           0.440     0.667    microblaze_i/clk_wiz_1/inst/clk_in1_microblaze_clk_wiz_1_0
    MMCME2_ADV_X1Y0      MMCME2_ADV (Prop_mmcme2_adv_CLKIN1_CLKOUT0)
                                                     -2.360    -1.693 r  microblaze_i/clk_wiz_1/inst/mmcm_adv_inst/CLKOUT0
                         net (fo=1, routed)           0.486    -1.207    microblaze_i/clk_wiz_1/inst/clk_out1_microblaze_clk_wiz_1_0
    BUFGCTRL_X0Y0        BUFG (Prop_bufg_I_O)         0.026    -1.181 r  microblaze_i/clk_wiz_1/inst/clkout1_buf/O
                         net (fo=2893, routed)        0.559    -0.622    microblaze_i/Video_Controller_4regs_0/inst/Video_Controller_4regs_v1_S00_AXI_inst/car_obstacle/s00_axi_aclk
    SLICE_X10Y31         FDRE                                         r  microblaze_i/Video_Controller_4regs_0/inst/Video_Controller_4regs_v1_S00_AXI_inst/car_obstacle/obj_reg5_reg[6]/C
  -------------------------------------------------------------------    -------------------
    SLICE_X10Y31         FDRE (Prop_fdre_C_Q)         0.148    -0.474 r  microblaze_i/Video_Controller_4regs_0/inst/Video_Controller_4regs_v1_S00_AXI_inst/car_obstacle/obj_reg5_reg[6]/Q
                         net (fo=1, routed)           0.517     0.043    microblaze_i/Video_Controller_4regs_0/inst/Video_Controller_4regs_v1_S00_AXI_inst/car_obstacle/obj_reg5[6]
    SLICE_X10Y32         FDRE                                         r  microblaze_i/Video_Controller_4regs_0/inst/Video_Controller_4regs_v1_S00_AXI_inst/car_obstacle/obj_buff5_reg[6]/D
  -------------------------------------------------------------------    -------------------

                         (clock pclk_microblaze_clk_wiz_1_0 rise edge)
                                                      0.000     0.000 r  
    W5                                                0.000     0.000 r  clk_100MHz (IN)
                         net (fo=0)                   0.000     0.000    microblaze_i/clk_wiz_1/inst/clk_in1
    W5                   IBUF (Prop_ibuf_I_O)         0.414     0.414 r  microblaze_i/clk_wiz_1/inst/clkin1_ibufg/O
                         net (fo=1, routed)           0.480     0.894    microblaze_i/clk_wiz_1/inst/clk_in1_microblaze_clk_wiz_1_0
    MMCME2_ADV_X1Y0      MMCME2_ADV (Prop_mmcme2_adv_CLKIN1_CLKOUT1)
                                                     -3.142    -2.248 r  microblaze_i/clk_wiz_1/inst/mmcm_adv_inst/CLKOUT1
                         net (fo=1, routed)           0.530    -1.718    microblaze_i/clk_wiz_1/inst/pclk_microblaze_clk_wiz_1_0
    BUFGCTRL_X0Y1        BUFG (Prop_bufg_I_O)         0.029    -1.689 r  microblaze_i/clk_wiz_1/inst/clkout2_buf/O
                         net (fo=386, routed)         0.828    -0.862    microblaze_i/Video_Controller_4regs_0/inst/Video_Controller_4regs_v1_S00_AXI_inst/car_obstacle/pclk
    SLICE_X10Y32         FDRE                                         r  microblaze_i/Video_Controller_4regs_0/inst/Video_Controller_4regs_v1_S00_AXI_inst/car_obstacle/obj_buff5_reg[6]/C
                         clock pessimism              0.555    -0.307    
                         clock uncertainty            0.198    -0.109    
    SLICE_X10Y32         FDRE (Hold_fdre_C_D)         0.035    -0.074    microblaze_i/Video_Controller_4regs_0/inst/Video_Controller_4regs_v1_S00_AXI_inst/car_obstacle/obj_buff5_reg[6]
  -------------------------------------------------------------------
                         required time                          0.074    
                         arrival time                           0.043    
  -------------------------------------------------------------------
                         slack                                  0.117    





---------------------------------------------------------------------------------------------------
Path Group:  **async_default**
From Clock:  microblaze_i/mdm_1/U0/Use_E2.BSCAN_I/Use_E2.BSCANE2_I/UPDATE
  To Clock:  microblaze_i/mdm_1/U0/Use_E2.BSCAN_I/Use_E2.BSCANE2_I/UPDATE

Setup :            0  Failing Endpoints,  Worst Slack       14.176ns,  Total Violation        0.000ns
Hold  :            0  Failing Endpoints,  Worst Slack       17.461ns,  Total Violation        0.000ns
---------------------------------------------------------------------------------------------------


Max Delay Paths
--------------------------------------------------------------------------------------
Slack (MET) :             14.176ns  (required time - arrival time)
  Source:                 microblaze_i/mdm_1/U0/MDM_Core_I1/JTAG_CONTROL_I/Use_BSCAN.FDC_I/Using_FPGA.Native/C
                            (falling edge-triggered cell FDCE clocked by microblaze_i/mdm_1/U0/Use_E2.BSCAN_I/Use_E2.BSCANE2_I/UPDATE  {rise@0.000ns fall@16.667ns period=33.333ns})
  Destination:            microblaze_i/mdm_1/U0/MDM_Core_I1/JTAG_CONTROL_I/Use_UART.execute_reg/CLR
                            (recovery check against rising-edge clock microblaze_i/mdm_1/U0/Use_E2.BSCAN_I/Use_E2.BSCANE2_I/UPDATE  {rise@0.000ns fall@16.667ns period=33.333ns})
  Path Group:             **async_default**
  Path Type:              Recovery (Max at Slow Process Corner)
  Requirement:            16.667ns  (microblaze_i/mdm_1/U0/Use_E2.BSCAN_I/Use_E2.BSCANE2_I/UPDATE rise@33.333ns - microblaze_i/mdm_1/U0/Use_E2.BSCAN_I/Use_E2.BSCANE2_I/UPDATE fall@16.667ns)
  Data Path Delay:        1.799ns  (logic 0.464ns (25.786%)  route 1.335ns (74.214%))
  Logic Levels:           1  (LUT2=1)
  Clock Path Skew:        -0.157ns (DCD - SCD + CPR)
    Destination Clock Delay (DCD):    2.088ns = ( 35.421 - 33.333 ) 
    Source Clock Delay      (SCD):    2.565ns = ( 19.232 - 16.667 ) 
    Clock Pessimism Removal (CPR):    0.320ns
  Clock Uncertainty:      0.035ns  ((TSJ^2 + TIJ^2)^1/2 + DJ) / 2 + PE
    Total System Jitter     (TSJ):    0.071ns
    Total Input Jitter      (TIJ):    0.000ns
    Discrete Jitter          (DJ):    0.000ns
    Phase Error              (PE):    0.000ns

    Location             Delay type                Incr(ns)  Path(ns)    Netlist Resource(s)
  -------------------------------------------------------------------    -------------------
                         (clock microblaze_i/mdm_1/U0/Use_E2.BSCAN_I/Use_E2.BSCANE2_I/UPDATE fall edge)
                                                     16.667    16.667 f  
    BSCAN_X0Y1           BSCANE2                      0.000    16.667 f  microblaze_i/mdm_1/U0/Use_E2.BSCAN_I/Use_E2.BSCANE2_I/UPDATE
                         net (fo=41, routed)          2.565    19.232    microblaze_i/mdm_1/U0/MDM_Core_I1/JTAG_CONTROL_I/Use_BSCAN.FDC_I/CLK
    SLICE_X40Y61         FDCE                                         r  microblaze_i/mdm_1/U0/MDM_Core_I1/JTAG_CONTROL_I/Use_BSCAN.FDC_I/Using_FPGA.Native/C  (IS_INVERTED)
  -------------------------------------------------------------------    -------------------
    SLICE_X40Y61         FDCE (Prop_fdce_C_Q)         0.340    19.572 r  microblaze_i/mdm_1/U0/MDM_Core_I1/JTAG_CONTROL_I/Use_BSCAN.FDC_I/Using_FPGA.Native/Q
                         net (fo=18, routed)          0.802    20.374    microblaze_i/mdm_1/U0/MDM_Core_I1/JTAG_CONTROL_I/Q_1
    SLICE_X40Y59         LUT2 (Prop_lut2_I1_O)        0.124    20.498 f  microblaze_i/mdm_1/U0/MDM_Core_I1/JTAG_CONTROL_I/Use_UART.execute_i_2/O
                         net (fo=1, routed)           0.534    21.031    microblaze_i/mdm_1/U0/MDM_Core_I1/JTAG_CONTROL_I/Use_UART.execute_i_2_n_0
    SLICE_X40Y59         FDCE                                         f  microblaze_i/mdm_1/U0/MDM_Core_I1/JTAG_CONTROL_I/Use_UART.execute_reg/CLR
  -------------------------------------------------------------------    -------------------

                         (clock microblaze_i/mdm_1/U0/Use_E2.BSCAN_I/Use_E2.BSCANE2_I/UPDATE rise edge)
                                                     33.333    33.333 r  
    BSCAN_X0Y1           BSCANE2                      0.000    33.333 r  microblaze_i/mdm_1/U0/Use_E2.BSCAN_I/Use_E2.BSCANE2_I/UPDATE
                         net (fo=41, routed)          2.088    35.421    microblaze_i/mdm_1/U0/MDM_Core_I1/JTAG_CONTROL_I/CLK
    SLICE_X40Y59         FDCE                                         r  microblaze_i/mdm_1/U0/MDM_Core_I1/JTAG_CONTROL_I/Use_UART.execute_reg/C
                         clock pessimism              0.320    35.741    
                         clock uncertainty           -0.035    35.706    
    SLICE_X40Y59         FDCE (Recov_fdce_C_CLR)     -0.498    35.208    microblaze_i/mdm_1/U0/MDM_Core_I1/JTAG_CONTROL_I/Use_UART.execute_reg
  -------------------------------------------------------------------
                         required time                         35.208    
                         arrival time                         -21.031    
  -------------------------------------------------------------------
                         slack                                 14.176    





Min Delay Paths
--------------------------------------------------------------------------------------
Slack (MET) :             17.461ns  (arrival time - required time)
  Source:                 microblaze_i/mdm_1/U0/MDM_Core_I1/JTAG_CONTROL_I/Use_BSCAN.FDC_I/Using_FPGA.Native/C
                            (falling edge-triggered cell FDCE clocked by microblaze_i/mdm_1/U0/Use_E2.BSCAN_I/Use_E2.BSCANE2_I/UPDATE  {rise@0.000ns fall@16.667ns period=33.333ns})
  Destination:            microblaze_i/mdm_1/U0/MDM_Core_I1/JTAG_CONTROL_I/Use_UART.execute_reg/CLR
                            (removal check against rising-edge clock microblaze_i/mdm_1/U0/Use_E2.BSCAN_I/Use_E2.BSCANE2_I/UPDATE  {rise@0.000ns fall@16.667ns period=33.333ns})
  Path Group:             **async_default**
  Path Type:              Removal (Min at Fast Process Corner)
  Requirement:            -16.667ns  (microblaze_i/mdm_1/U0/Use_E2.BSCAN_I/Use_E2.BSCANE2_I/UPDATE rise@0.000ns - microblaze_i/mdm_1/U0/Use_E2.BSCAN_I/Use_E2.BSCANE2_I/UPDATE fall@16.667ns)
  Data Path Delay:        0.690ns  (logic 0.157ns (22.740%)  route 0.533ns (77.260%))
  Logic Levels:           1  (LUT2=1)
  Clock Path Skew:        -0.011ns (DCD - SCD - CPR)
    Destination Clock Delay (DCD):    1.220ns
    Source Clock Delay      (SCD):    1.088ns = ( 17.755 - 16.667 ) 
    Clock Pessimism Removal (CPR):    0.143ns
  Clock Uncertainty:      0.035ns  ((TSJ^2 + TIJ^2)^1/2 + DJ) / 2 + PE
    Total System Jitter     (TSJ):    0.071ns
    Total Input Jitter      (TIJ):    0.000ns
    Discrete Jitter          (DJ):    0.000ns
    Phase Error              (PE):    0.000ns

    Location             Delay type                Incr(ns)  Path(ns)    Netlist Resource(s)
  -------------------------------------------------------------------    -------------------
                         (clock microblaze_i/mdm_1/U0/Use_E2.BSCAN_I/Use_E2.BSCANE2_I/UPDATE fall edge)
                                                     16.667    16.667 f  
    BSCAN_X0Y1           BSCANE2                      0.000    16.667 f  microblaze_i/mdm_1/U0/Use_E2.BSCAN_I/Use_E2.BSCANE2_I/UPDATE
                         net (fo=41, routed)          1.088    17.755    microblaze_i/mdm_1/U0/MDM_Core_I1/JTAG_CONTROL_I/Use_BSCAN.FDC_I/CLK
    SLICE_X40Y61         FDCE                                         r  microblaze_i/mdm_1/U0/MDM_Core_I1/JTAG_CONTROL_I/Use_BSCAN.FDC_I/Using_FPGA.Native/C  (IS_INVERTED)
  -------------------------------------------------------------------    -------------------
    SLICE_X40Y61         FDCE (Prop_fdce_C_Q)         0.112    17.867 r  microblaze_i/mdm_1/U0/MDM_Core_I1/JTAG_CONTROL_I/Use_BSCAN.FDC_I/Using_FPGA.Native/Q
                         net (fo=18, routed)          0.354    18.221    microblaze_i/mdm_1/U0/MDM_Core_I1/JTAG_CONTROL_I/Q_1
    SLICE_X40Y59         LUT2 (Prop_lut2_I1_O)        0.045    18.266 f  microblaze_i/mdm_1/U0/MDM_Core_I1/JTAG_CONTROL_I/Use_UART.execute_i_2/O
                         net (fo=1, routed)           0.180    18.445    microblaze_i/mdm_1/U0/MDM_Core_I1/JTAG_CONTROL_I/Use_UART.execute_i_2_n_0
    SLICE_X40Y59         FDCE                                         f  microblaze_i/mdm_1/U0/MDM_Core_I1/JTAG_CONTROL_I/Use_UART.execute_reg/CLR
  -------------------------------------------------------------------    -------------------

                         (clock microblaze_i/mdm_1/U0/Use_E2.BSCAN_I/Use_E2.BSCANE2_I/UPDATE rise edge)
                                                      0.000     0.000 r  
    BSCAN_X0Y1           BSCANE2                      0.000     0.000 r  microblaze_i/mdm_1/U0/Use_E2.BSCAN_I/Use_E2.BSCANE2_I/UPDATE
                         net (fo=41, routed)          1.220     1.220    microblaze_i/mdm_1/U0/MDM_Core_I1/JTAG_CONTROL_I/CLK
    SLICE_X40Y59         FDCE                                         r  microblaze_i/mdm_1/U0/MDM_Core_I1/JTAG_CONTROL_I/Use_UART.execute_reg/C
                         clock pessimism             -0.143     1.077    
                         clock uncertainty            0.035     1.112    
    SLICE_X40Y59         FDCE (Remov_fdce_C_CLR)     -0.128     0.984    microblaze_i/mdm_1/U0/MDM_Core_I1/JTAG_CONTROL_I/Use_UART.execute_reg
  -------------------------------------------------------------------
                         required time                         -0.984    
                         arrival time                          18.445    
  -------------------------------------------------------------------
                         slack                                 17.461    





